{"numTotalTestSuites":14,"numPassedTestSuites":0,"numFailedTestSuites":14,"numPendingTestSuites":0,"numTotalTests":47,"numPassedTests":15,"numFailedTests":32,"numPendingTests":0,"numTodoTests":0,"snapshot":{"added":0,"failure":false,"filesAdded":0,"filesRemoved":0,"filesRemovedList":[],"filesUnmatched":0,"filesUpdated":0,"matched":0,"total":0,"unchecked":0,"uncheckedKeysByFile":[],"unmatched":0,"updated":0,"didUpdate":false},"startTime":1759495800770,"success":false,"testResults":[{"assertionResults":[{"ancestorTitles":["ProjectsPageRedesign","1. Component Rendering Tests"],"fullName":"ProjectsPageRedesign 1. Component Rendering Tests renders dashboard metrics correctly","status":"passed","title":"renders dashboard metrics correctly","duration":51.594375000000014,"failureMessages":[],"meta":{}},{"ancestorTitles":["ProjectsPageRedesign","1. Component Rendering Tests"],"fullName":"ProjectsPageRedesign 1. Component Rendering Tests displays month selector","status":"failed","title":"displays month selector","duration":376.289542,"failureMessages":["TestingLibraryElementError: Unable to find an accessible element with the role \"button\" and name `/January|February|March|April|May|June|July|August|September|October|November|December/i`\n\nHere are the accessible roles:\n\n  button:\n\n  Name \"←\":\n  \u001b[36m<button\u001b[39m\n    \u001b[33mclass\u001b[39m=\u001b[32m\"text-white/80 hover:text-white text-xs p-0.5\"\u001b[39m\n  \u001b[36m/>\u001b[39m\n\n  Name \"→\":\n  \u001b[36m<button\u001b[39m\n    \u001b[33mclass\u001b[39m=\u001b[32m\"text-white/80 hover:text-white text-xs p-0.5\"\u001b[39m\n  \u001b[36m/>\u001b[39m\n\n  Name \"OOct\":\n  \u001b[36m<button\u001b[39m\n    \u001b[33maria-expanded\u001b[39m=\u001b[32m\"false\"\u001b[39m\n    \u001b[33maria-haspopup\u001b[39m=\u001b[32m\"menu\"\u001b[39m\n    \u001b[33mclass\u001b[39m=\u001b[32m\"inline-flex items-center justify-center whitespace-nowrap focus-visible:outline-none focus-visible:ring-1 focus-visible:ring-ring disabled:pointer-events-none disabled:opacity-50 shadow-sm hover:text-accent-foreground px-3 text-xs pr-3 font-medium backdrop-blur-sm hover:bg-white dark:hover:bg-slate-900 transition-all rounded-lg min-w-24 h-10 border border-slate-200 dark:border-slate-800 bg-white dark:bg-slate-900\"\u001b[39m\n    \u001b[33mdata-state\u001b[39m=\u001b[32m\"closed\"\u001b[39m\n    \u001b[33mid\u001b[39m=\u001b[32m\"radix-:r9:\"\u001b[39m\n    \u001b[33mtype\u001b[39m=\u001b[32m\"button\"\u001b[39m\n  \u001b[36m/>\u001b[39m\n\n  Name \"Switch to grid view\":\n  \u001b[36m<button\u001b[39m\n    \u001b[33maria-label\u001b[39m=\u001b[32m\"Switch to grid view\"\u001b[39m\n    \u001b[33mclass\u001b[39m=\u001b[32m\"px-3 py-1.5 text-sm font-medium rounded-md transition-colors bg-indigo-100 dark:bg-indigo-900/50 text-indigo-700 dark:text-indigo-300\"\u001b[39m\n    \u001b[33mtitle\u001b[39m=\u001b[32m\"Grid view\"\u001b[39m\n  \u001b[36m/>\u001b[39m\n\n  Name \"Switch to list view\":\n  \u001b[36m<button\u001b[39m\n    \u001b[33maria-label\u001b[39m=\u001b[32m\"Switch to list view\"\u001b[39m\n    \u001b[33mclass\u001b[39m=\u001b[32m\"px-3 py-1.5 text-sm font-medium rounded-md transition-colors text-slate-500 hover:text-slate-700 dark:text-slate-400 dark:hover:text-slate-200\"\u001b[39m\n    \u001b[33mtitle\u001b[39m=\u001b[32m\"List view\"\u001b[39m\n  \u001b[36m/>\u001b[39m\n\n  Name \"Filters\":\n  \u001b[36m<button\u001b[39m\n    \u001b[33maria-expanded\u001b[39m=\u001b[32m\"false\"\u001b[39m\n    \u001b[33maria-haspopup\u001b[39m=\u001b[32m\"menu\"\u001b[39m\n    \u001b[33mclass\u001b[39m=\u001b[32m\"inline-flex items-center justify-center whitespace-nowrap font-medium transition-colors focus-visible:outline-none focus-visible:ring-1 focus-visible:ring-ring disabled:pointer-events-none disabled:opacity-50 border border-input bg-background shadow-sm hover:bg-accent hover:text-accent-foreground rounded-md px-3 text-xs h-10 gap-2\"\u001b[39m\n    \u001b[33mdata-state\u001b[39m=\u001b[32m\"closed\"\u001b[39m\n    \u001b[33mid\u001b[39m=\u001b[32m\"radix-:rb:\"\u001b[39m\n    \u001b[33mtype\u001b[39m=\u001b[32m\"button\"\u001b[39m\n  \u001b[36m/>\u001b[39m\n\n  Name \"All\":\n  \u001b[36m<button\u001b[39m\n    \u001b[33maria-expanded\u001b[39m=\u001b[32m\"false\"\u001b[39m\n    \u001b[33maria-haspopup\u001b[39m=\u001b[32m\"menu\"\u001b[39m\n    \u001b[33mclass\u001b[39m=\u001b[32m\"inline-flex items-center justify-center whitespace-nowrap transition-colors focus-visible:outline-none focus-visible:ring-1 focus-visible:ring-ring disabled:pointer-events-none disabled:opacity-50 hover:text-accent-foreground rounded-md text-xs h-8 font-medium border-0 p-0 hover:bg-transparent\"\u001b[39m\n    \u001b[33mdata-state\u001b[39m=\u001b[32m\"closed\"\u001b[39m\n    \u001b[33mid\u001b[39m=\u001b[32m\"radix-:rd:\"\u001b[39m\n    \u001b[33mtype\u001b[39m=\u001b[32m\"button\"\u001b[39m\n  \u001b[36m/>\u001b[39m\n\n  Name \"New Project\":\n  \u001b[36m<button\u001b[39m\n    \u001b[33mclass\u001b[39m=\u001b[32m\"inline-flex items-center justify-center whitespace-nowrap text-sm font-medium transition-colors focus-visible:outline-none focus-visible:ring-1 focus-visible:ring-ring disabled:pointer-events-none disabled:opacity-50 bg-primary-600 hover:bg-primary-700 active:bg-primary-800 px-4 py-2 h-10 gap-2 bg-gradient-to-r from-indigo-500 to-purple-600 hover:from-indigo-600 hover:to-purple-700 text-white shadow-sm border-0 rounded-lg\"\u001b[39m\n  \u001b[36m/>\u001b[39m\n\n  Name \"Create Your First Project\":\n  \u001b[36m<button\u001b[39m\n    \u001b[33mclass\u001b[39m=\u001b[32m\"inline-flex items-center justify-center whitespace-nowrap text-sm font-medium transition-colors focus-visible:outline-none focus-visible:ring-1 focus-visible:ring-ring disabled:pointer-events-none disabled:opacity-50 bg-primary-600 text-white shadow hover:bg-primary-700 active:bg-primary-800 h-10 rounded-md px-8 bg-gradient-to-r from-indigo-500 to-purple-500 hover:from-indigo-600 hover:to-purple-600\"\u001b[39m\n  \u001b[36m/>\u001b[39m\n\n  --------------------------------------------------\n  searchbox:\n\n  Name \"\":\n  \u001b[36m<input\u001b[39m\n    \u001b[33mclass\u001b[39m=\u001b[32m\"flex w-full rounded-md border-input px-3 text-sm transition-colors file:border-0 file:bg-transparent file:text-sm file:font-medium file:text-foreground placeholder:text-muted-foreground focus-visible:outline-none focus-visible:ring-1 focus-visible:ring-ring disabled:cursor-not-allowed disabled:opacity-50 pl-2 pr-4 py-2 h-10 bg-transparent border-0 shadow-none focus:ring-0 focus:outline-none\"\u001b[39m\n    \u001b[33mplaceholder\u001b[39m=\u001b[32m\"Search projects...\"\u001b[39m\n    \u001b[33mtype\u001b[39m=\u001b[32m\"search\"\u001b[39m\n    \u001b[33mvalue\u001b[39m=\u001b[32m\"\"\u001b[39m\n  \u001b[36m/>\u001b[39m\n\n  --------------------------------------------------\n  heading:\n\n  Name \"No projects yet\":\n  \u001b[36m<h3\u001b[39m\n    \u001b[33mclass\u001b[39m=\u001b[32m\"text-2xl font-bold mb-2\"\u001b[39m\n  \u001b[36m/>\u001b[39m\n\n  --------------------------------------------------\n  paragraph:\n\n  Name \"\":\n  \u001b[36m<p\u001b[39m\n    \u001b[33mclass\u001b[39m=\u001b[32m\"text-slate-600 dark:text-slate-400 max-w-md mb-8\"\u001b[39m\n  \u001b[36m/>\u001b[39m\n\n  --------------------------------------------------\n\nIgnored nodes: comments, script, style\n\u001b[36m<body>\u001b[39m\n  \u001b[36m<div>\u001b[39m\n    \u001b[36m<div\u001b[39m\n      \u001b[33mclass\u001b[39m=\u001b[32m\"flex flex-col h-full bg-gradient-to-br from-[#f8fafc] to-[#eef2ff] dark:from-slate-950 dark:to-indigo-950\"\u001b[39m\n    \u001b[36m>\u001b[39m\n      \u001b[36m<div\u001b[39m\n        \u001b[33manimate\u001b[39m=\u001b[32m\"[object Object]\"\u001b[39m\n        \u001b[33mclass\u001b[39m=\u001b[32m\"bentobox-container bg-white/95 dark:bg-slate-900/95 backdrop-blur-sm mb-0 pt-3 pb-0 overflow-hidden\"\u001b[39m\n        \u001b[33mexit\u001b[39m=\u001b[32m\"[object Object]\"\u001b[39m\n        \u001b[33minitial\u001b[39m=\u001b[32m\"[object Object]\"\u001b[39m\n        \u001b[33mtransition\u001b[39m=\u001b[32m\"[object Object]\"\u001b[39m\n      \u001b[36m>\u001b[39m\n        \u001b[36m<div\u001b[39m\n          \u001b[33mclass\u001b[39m=\u001b[32m\"px-6\"\u001b[39m\n        \u001b[36m>\u001b[39m\n          \u001b[36m<div\u001b[39m\n            \u001b[33mclass\u001b[39m=\u001b[32m\"bentobox-grid grid grid-cols-1 md:grid-cols-4 grid-rows-1 gap-3 max-w-6xl mx-auto\"\u001b[39m\n          \u001b[36m>\u001b[39m\n            \u001b[36m<div\u001b[39m\n              \u001b[33mclass\u001b[39m=\u001b[32m\"metric-card col-span-1 bg-white dark:bg-slate-900 rounded-xl border shadow-sm flex overflow-hidden relative transition-all p-0\"\u001b[39m\n            \u001b[36m>\u001b[39m\n              \u001b[36m<div\u001b[39m\n                \u001b[33mclass\u001b[39m=\u001b[32m\"flex flex-col w-1/2 flex-grow\"\u001b[39m\n              \u001b[36m>\u001b[39m\n                \u001b[36m<div\u001b[39m\n                  \u001b[33mclass\u001b[39m=\u001b[32m\"h-full flex flex-col items-center justify-center text-center px-1\"\u001b[39m\n                \u001b[36m>\u001b[39m\n                  \u001b[36m<span\u001b[39m\n                    \u001b[33mclass\u001b[39m=\u001b[32m\"text-xs font-medium text-gray-700 dark:text-gray-300 mb-1 truncate w-full\"\u001b[39m\n                  \u001b[36m>\u001b[39m\n                    \u001b[0mActive\u001b[0m\n                  \u001b[36m</span>\u001b[39m\n                  \u001b[36m<span\u001b[39m\n                    \u001b[33mclass\u001b[39m=\u001b[32m\"text-3xl font-bold text-slate-800 dark:text-slate-100\"\u001b[39m\n                  \u001b[36m>\u001b[39m\n                    \u001b[0m0\u001b[0m\n                  \u001b[36m</span>\u001b[39m\n                \u001b[36m</div>\u001b[39m\n              \u001b[36m</div>\u001b[39m\n              \u001b[36m<div\u001b[39m\n                \u001b[33mclass\u001b[39m=\u001b[32m\"w-px h-full bg-slate-200 dark:bg-slate-800\"\u001b[39m\n              \u001b[36m/>\u001b[39m\n              \u001b[36m<div\u001b[39m\n                \u001b[33mclass\u001b[39m=\u001b[32m\"flex flex-col w-1/2 flex-grow\"\u001b[39m\n              \u001b[36m>\u001b[39m\n                \u001b[36m<div\u001b[39m\n                  \u001b[33mclass\u001b[39m=\u001b[32m\"h-full flex flex-col items-center justify-center text-center px-1\"\u001b[39m\n                \u001b[36m>\u001b[39m\n                  \u001b[36m<span\u001b[39m\n                    \u001b[33mclass\u001b[39m=\u001b[32m\"text-xs font-medium text-gray-700 dark:text-gray-300 mb-1 truncate w-full\"\u001b[39m\n                  \u001b[36m>\u001b[39m\n                    \u001b[0mCompleted\u001b[0m\n                  \u001b[36m</span>\u001b[39m\n                  \u001b[36m<span\u001b[39m\n                    \u001b[33mclass\u001b[39m=\u001b[32m\"text-3xl font-bold text-slate-800 dark:text-slate-100\"\u001b[39m\n                  \u001b[36m>\u001b[39m\n                    \u001b[0m0\u001b[0m\n                  \u001b[36m</span>\u001b[39m\n                \u001b[36m</div>\u001b[39m\n              \u001b[36m</div>\u001b[39m\n            \u001b[36m</div>\u001b[39m\n            \u001b[36m<div\u001b[39m\n              \u001b[33mclass\u001b[39m=\u001b[32m\"metric-card col-span-1 bg-gradient-to-br from-teal-500 to-emerald-600 dark:from-teal-700 dark:to-emerald-800 rounded-xl border border-teal-300/30 dark:border-teal-800/30 shadow-sm p-4 flex flex-col overflow-hidden relative\"\u001b[39m\n            \u001b[36m>\u001b[39m\n              \u001b[36m<div\u001b[39m\n                \u001b[33mclass\u001b[39m=\u001b[32m\"flex justify-between items-center\"\u001b[39m\n              \u001b[36m>\u001b[39m\n                \u001b[36m<span\u001b[39m\n                  \u001b[33mclass\u001b[39m=\u001b[32m\"text-xs font-medium text-white\"\u001b[39m\n                \u001b[36m>\u001b[39m\n                  \u001b[0mToday's Projects\u001b[0m\n                \u001b[36m</span>\u001b[39m\n                \u001b[36m<svg\u001b[39m\n                  \u001b[33mclass\u001b[39m=\u001b[32m\"lucide lucide-calendar h-4 w-4 text-white/80\"\u001b[39m\n                  \u001b[33mfill\u001b[39m=\u001b[32m\"none\"\u001b[39m\n                  \u001b[33mheight\u001b[39m=\u001b[32m\"24\"\u001b[39m\n                  \u001b[33mstroke\u001b[39m=\u001b[32m\"currentColor\"\u001b[39m\n                  \u001b[33mstroke-linecap\u001b[39m=\u001b[32m\"round\"\u001b[39m\n                  \u001b[33mstroke-linejoin\u001b[39m=\u001b[32m\"round\"\u001b[39m\n                  \u001b[33mstroke-width\u001b[39m=\u001b[32m\"2\"\u001b[39m\n                  \u001b[33mviewBox\u001b[39m=\u001b[32m\"0 0 24 24\"\u001b[39m\n                  \u001b[33mwidth\u001b[39m=\u001b[32m\"24\"\u001b[39m\n                  \u001b[33mxmlns\u001b[39m=\u001b[32m\"http://www.w3.org/2000/svg\"\u001b[39m\n                \u001b[36m>\u001b[39m\n                  \u001b[36m<path\u001b[39m\n                    \u001b[33md\u001b[39m=\u001b[32m\"M8 2v4\"\u001b[39m\n                  \u001b[36m/>\u001b[39m\n                  \u001b[36m<path\u001b[39m\n                    \u001b[33md\u001b[39m=\u001b[32m\"M16 2v4\"\u001b[39m\n                  \u001b[36m/>\u001b[39m\n                  \u001b[36m<rect\u001b[39m\n                    \u001b[33mheight\u001b[39m=\u001b[32m\"18\"\u001b[39m\n                    \u001b[33mrx\u001b[39m=\u001b[32m\"2\"\u001b[39m\n                    \u001b[33mwidth\u001b[39m=\u001b[32m\"18\"\u001b[39m\n                    \u001b[33mx\u001b[39m=\u001b[32m\"3\"\u001b[39m\n                    \u001b[33my\u001b[39m=\u001b[32m\"4\"\u001b[39m\n                  \u001b[36m/>\u001b[39m\n                  \u001b[36m<path\u001b[39m\n                    \u001b[33md\u001b[39m=\u001b[32m\"M3 10h18\"\u001b[39m\n                  \u001b[36m/>\u001b[39m\n                \u001b[36m</svg>\u001b[39m\n              \u001b[36m</div>\u001b[39m\n              \u001b[36m<div\u001b[39m\n                \u001b[33mclass\u001b[39m=\u001b[32m\"flex-grow flex flex-col justify-center items-center\"\u001b[39m\n              \u001b[36m>\u001b[39m\n                \u001b[36m<div\u001b[39m\n                  \u001b[33mclass\u001b[39m=\u001b[32m\"text-4xl font-bold text-white\"\u001b[39m\n                \u001b[36m>\u001b[39m\n                  \u001b[0m0\u001b[0m\n                \u001b[36m</div>\u001b[39m\n              \u001b[36m</div>\u001b[39m\n              \u001b[36m<div\u001b[39m\n                \u001b[33mclass\u001b[39m=\u001b[32m\"absolute -bottom-8 -right-8 w-32 h-32 bg-white/10 rounded-full\"\u001b[39m\n              \u001b[36m/>\u001b[39m\n            \u001b[36m</div>\u001b[39m\n            \u001b[36m<div\u001b[39m\n              \u001b[33mclass\u001b[39m=\u001b[32m\"metric-card col-span-1 bg-gradient-to-br from-blue-500 to-sky-600 dark:from-blue-700 dark:to-sky-800 rounded-xl border border-blue-300/30 dark:border-blue-800/30 shadow-sm p-4 flex flex-col overflow-hidden relative\"\u001b[39m\n            \u001b[36m>\u001b[39m\n              \u001b[36m<div\u001b[39m\n                \u001b[33mclass\u001b[39m=\u001b[32m\"flex justify-between items-center\"\u001b[39m\n              \u001b[36m>\u001b[39m\n                \u001b[36m<span\u001b[39m\n                  \u001b[33mclass\u001b[39m=\u001b[32m\"text-xs font-medium text-white\"\u001b[39m\n                \u001b[36m>\u001b[39m\n                  \u001b[0mOctober\u001b[0m\n                  \u001b[0m Projects\u001b[0m\n                \u001b[36m</span>\u001b[39m\n                \u001b[36m<svg\u001b[39m\n                  \u001b[33mclass\u001b[39m=\u001b[32m\"lucide lucide-calendar-days h-4 w-4 text-white/80\"\u001b[39m\n                  \u001b[33mfill\u001b[39m=\u001b[32m\"none\"\u001b[39m\n                  \u001b[33mheight\u001b[39m=\u001b[32m\"24\"\u001b[39m\n                  \u001b[33mstroke\u001b[39m=\u001b[32m\"currentColor\"\u001b[39m\n                  \u001b[33mstroke-linecap\u001b[39m=\u001b[32m\"round\"\u001b[39m\n                  \u001b[33mstroke-linejoin\u001b[39m=\u001b[32m\"round\"\u001b[39m\n                  \u001b[33mstroke-width\u001b[39m=\u001b[32m\"2\"\u001b[39m\n                  \u001b[33mviewBox\u001b[39m=\u001b[32m\"0 0 24 24\"\u001b[39m\n                  \u001b[33mwidth\u001b[39m=\u001b[32m\"24\"\u001b[39m\n                  \u001b[33mxmlns\u001b[39m=\u001b[32m\"http://www.w3.org/2000/svg\"\u001b[39m\n                \u001b[36m>\u001b[39m\n                  \u001b[36m<path\u001b[39m\n                    \u001b[33md\u001b[39m...\n    at Object.getElementError (/Users/baito.kevin/Downloads/Baito-AI/node_modules/@testing-library/dom/dist/config.js:37:19)\n    at /Users/baito.kevin/Downloads/Baito-AI/node_modules/@testing-library/dom/dist/query-helpers.js:76:38\n    at /Users/baito.kevin/Downloads/Baito-AI/node_modules/@testing-library/dom/dist/query-helpers.js:52:17\n    at /Users/baito.kevin/Downloads/Baito-AI/node_modules/@testing-library/dom/dist/query-helpers.js:95:19\n    at /Users/baito.kevin/Downloads/Baito-AI/src/pages/__tests__/ProjectsPageRedesign.test.tsx:341:21\n    at file:///Users/baito.kevin/Downloads/Baito-AI/node_modules/@vitest/runner/dist/chunk-hooks.js:155:11\n    at file:///Users/baito.kevin/Downloads/Baito-AI/node_modules/@vitest/runner/dist/chunk-hooks.js:752:26\n    at file:///Users/baito.kevin/Downloads/Baito-AI/node_modules/@vitest/runner/dist/chunk-hooks.js:1897:20\n    at new Promise (<anonymous>)\n    at runWithTimeout (file:///Users/baito.kevin/Downloads/Baito-AI/node_modules/@vitest/runner/dist/chunk-hooks.js:1863:10)"],"meta":{}},{"ancestorTitles":["ProjectsPageRedesign","1. Component Rendering Tests"],"fullName":"ProjectsPageRedesign 1. Component Rendering Tests shows search input","status":"passed","title":"shows search input","duration":5.35024999999996,"failureMessages":[],"meta":{}},{"ancestorTitles":["ProjectsPageRedesign","1. Component Rendering Tests"],"fullName":"ProjectsPageRedesign 1. Component Rendering Tests renders status filter dropdown","status":"passed","title":"renders status filter dropdown","duration":5.203333000000043,"failureMessages":[],"meta":{}},{"ancestorTitles":["ProjectsPageRedesign","1. Component Rendering Tests"],"fullName":"ProjectsPageRedesign 1. Component Rendering Tests displays grid/list view toggle with aria-labels","status":"passed","title":"displays grid/list view toggle with aria-labels","duration":6.318249999999921,"failureMessages":[],"meta":{}},{"ancestorTitles":["ProjectsPageRedesign","1. Component Rendering Tests"],"fullName":"ProjectsPageRedesign 1. Component Rendering Tests shows \"New Project\" button","status":"passed","title":"shows \"New Project\" button","duration":28.31320900000003,"failureMessages":[],"meta":{}},{"ancestorTitles":["ProjectsPageRedesign","2. Month Navigation Tests"],"fullName":"ProjectsPageRedesign 2. Month Navigation Tests can switch between months using dropdown","status":"failed","title":"can switch between months using dropdown","duration":303.58008300000006,"failureMessages":["TestingLibraryElementError: Unable to find an accessible element with the role \"button\" and name `/January|February|March|April|May|June|July|August|September|October|November|December/i`\n\nHere are the accessible roles:\n\n  button:\n\n  Name \"←\":\n  \u001b[36m<button\u001b[39m\n    \u001b[33mclass\u001b[39m=\u001b[32m\"text-white/80 hover:text-white text-xs p-0.5\"\u001b[39m\n  \u001b[36m/>\u001b[39m\n\n  Name \"→\":\n  \u001b[36m<button\u001b[39m\n    \u001b[33mclass\u001b[39m=\u001b[32m\"text-white/80 hover:text-white text-xs p-0.5\"\u001b[39m\n  \u001b[36m/>\u001b[39m\n\n  Name \"OOct\":\n  \u001b[36m<button\u001b[39m\n    \u001b[33maria-expanded\u001b[39m=\u001b[32m\"false\"\u001b[39m\n    \u001b[33maria-haspopup\u001b[39m=\u001b[32m\"menu\"\u001b[39m\n    \u001b[33mclass\u001b[39m=\u001b[32m\"inline-flex items-center justify-center whitespace-nowrap focus-visible:outline-none focus-visible:ring-1 focus-visible:ring-ring disabled:pointer-events-none disabled:opacity-50 shadow-sm hover:text-accent-foreground px-3 text-xs pr-3 font-medium backdrop-blur-sm hover:bg-white dark:hover:bg-slate-900 transition-all rounded-lg min-w-24 h-10 border border-slate-200 dark:border-slate-800 bg-white dark:bg-slate-900\"\u001b[39m\n    \u001b[33mdata-state\u001b[39m=\u001b[32m\"closed\"\u001b[39m\n    \u001b[33mid\u001b[39m=\u001b[32m\"radix-:r1m:\"\u001b[39m\n    \u001b[33mtype\u001b[39m=\u001b[32m\"button\"\u001b[39m\n  \u001b[36m/>\u001b[39m\n\n  Name \"Switch to grid view\":\n  \u001b[36m<button\u001b[39m\n    \u001b[33maria-label\u001b[39m=\u001b[32m\"Switch to grid view\"\u001b[39m\n    \u001b[33mclass\u001b[39m=\u001b[32m\"px-3 py-1.5 text-sm font-medium rounded-md transition-colors bg-indigo-100 dark:bg-indigo-900/50 text-indigo-700 dark:text-indigo-300\"\u001b[39m\n    \u001b[33mtitle\u001b[39m=\u001b[32m\"Grid view\"\u001b[39m\n  \u001b[36m/>\u001b[39m\n\n  Name \"Switch to list view\":\n  \u001b[36m<button\u001b[39m\n    \u001b[33maria-label\u001b[39m=\u001b[32m\"Switch to list view\"\u001b[39m\n    \u001b[33mclass\u001b[39m=\u001b[32m\"px-3 py-1.5 text-sm font-medium rounded-md transition-colors text-slate-500 hover:text-slate-700 dark:text-slate-400 dark:hover:text-slate-200\"\u001b[39m\n    \u001b[33mtitle\u001b[39m=\u001b[32m\"List view\"\u001b[39m\n  \u001b[36m/>\u001b[39m\n\n  Name \"Filters\":\n  \u001b[36m<button\u001b[39m\n    \u001b[33maria-expanded\u001b[39m=\u001b[32m\"false\"\u001b[39m\n    \u001b[33maria-haspopup\u001b[39m=\u001b[32m\"menu\"\u001b[39m\n    \u001b[33mclass\u001b[39m=\u001b[32m\"inline-flex items-center justify-center whitespace-nowrap font-medium transition-colors focus-visible:outline-none focus-visible:ring-1 focus-visible:ring-ring disabled:pointer-events-none disabled:opacity-50 border border-input bg-background shadow-sm hover:bg-accent hover:text-accent-foreground rounded-md px-3 text-xs h-10 gap-2\"\u001b[39m\n    \u001b[33mdata-state\u001b[39m=\u001b[32m\"closed\"\u001b[39m\n    \u001b[33mid\u001b[39m=\u001b[32m\"radix-:r1o:\"\u001b[39m\n    \u001b[33mtype\u001b[39m=\u001b[32m\"button\"\u001b[39m\n  \u001b[36m/>\u001b[39m\n\n  Name \"All\":\n  \u001b[36m<button\u001b[39m\n    \u001b[33maria-expanded\u001b[39m=\u001b[32m\"false\"\u001b[39m\n    \u001b[33maria-haspopup\u001b[39m=\u001b[32m\"menu\"\u001b[39m\n    \u001b[33mclass\u001b[39m=\u001b[32m\"inline-flex items-center justify-center whitespace-nowrap transition-colors focus-visible:outline-none focus-visible:ring-1 focus-visible:ring-ring disabled:pointer-events-none disabled:opacity-50 hover:text-accent-foreground rounded-md text-xs h-8 font-medium border-0 p-0 hover:bg-transparent\"\u001b[39m\n    \u001b[33mdata-state\u001b[39m=\u001b[32m\"closed\"\u001b[39m\n    \u001b[33mid\u001b[39m=\u001b[32m\"radix-:r1q:\"\u001b[39m\n    \u001b[33mtype\u001b[39m=\u001b[32m\"button\"\u001b[39m\n  \u001b[36m/>\u001b[39m\n\n  Name \"New Project\":\n  \u001b[36m<button\u001b[39m\n    \u001b[33mclass\u001b[39m=\u001b[32m\"inline-flex items-center justify-center whitespace-nowrap text-sm font-medium transition-colors focus-visible:outline-none focus-visible:ring-1 focus-visible:ring-ring disabled:pointer-events-none disabled:opacity-50 bg-primary-600 hover:bg-primary-700 active:bg-primary-800 px-4 py-2 h-10 gap-2 bg-gradient-to-r from-indigo-500 to-purple-600 hover:from-indigo-600 hover:to-purple-700 text-white shadow-sm border-0 rounded-lg\"\u001b[39m\n  \u001b[36m/>\u001b[39m\n\n  Name \"Create Your First Project\":\n  \u001b[36m<button\u001b[39m\n    \u001b[33mclass\u001b[39m=\u001b[32m\"inline-flex items-center justify-center whitespace-nowrap text-sm font-medium transition-colors focus-visible:outline-none focus-visible:ring-1 focus-visible:ring-ring disabled:pointer-events-none disabled:opacity-50 bg-primary-600 text-white shadow hover:bg-primary-700 active:bg-primary-800 h-10 rounded-md px-8 bg-gradient-to-r from-indigo-500 to-purple-500 hover:from-indigo-600 hover:to-purple-600\"\u001b[39m\n  \u001b[36m/>\u001b[39m\n\n  --------------------------------------------------\n  searchbox:\n\n  Name \"\":\n  \u001b[36m<input\u001b[39m\n    \u001b[33mclass\u001b[39m=\u001b[32m\"flex w-full rounded-md border-input px-3 text-sm transition-colors file:border-0 file:bg-transparent file:text-sm file:font-medium file:text-foreground placeholder:text-muted-foreground focus-visible:outline-none focus-visible:ring-1 focus-visible:ring-ring disabled:cursor-not-allowed disabled:opacity-50 pl-2 pr-4 py-2 h-10 bg-transparent border-0 shadow-none focus:ring-0 focus:outline-none\"\u001b[39m\n    \u001b[33mplaceholder\u001b[39m=\u001b[32m\"Search projects...\"\u001b[39m\n    \u001b[33mtype\u001b[39m=\u001b[32m\"search\"\u001b[39m\n    \u001b[33mvalue\u001b[39m=\u001b[32m\"\"\u001b[39m\n  \u001b[36m/>\u001b[39m\n\n  --------------------------------------------------\n  heading:\n\n  Name \"No projects yet\":\n  \u001b[36m<h3\u001b[39m\n    \u001b[33mclass\u001b[39m=\u001b[32m\"text-2xl font-bold mb-2\"\u001b[39m\n  \u001b[36m/>\u001b[39m\n\n  --------------------------------------------------\n  paragraph:\n\n  Name \"\":\n  \u001b[36m<p\u001b[39m\n    \u001b[33mclass\u001b[39m=\u001b[32m\"text-slate-600 dark:text-slate-400 max-w-md mb-8\"\u001b[39m\n  \u001b[36m/>\u001b[39m\n\n  --------------------------------------------------\n\nIgnored nodes: comments, script, style\n\u001b[36m<body>\u001b[39m\n  \u001b[36m<div>\u001b[39m\n    \u001b[36m<div\u001b[39m\n      \u001b[33mclass\u001b[39m=\u001b[32m\"flex flex-col h-full bg-gradient-to-br from-[#f8fafc] to-[#eef2ff] dark:from-slate-950 dark:to-indigo-950\"\u001b[39m\n    \u001b[36m>\u001b[39m\n      \u001b[36m<div\u001b[39m\n        \u001b[33manimate\u001b[39m=\u001b[32m\"[object Object]\"\u001b[39m\n        \u001b[33mclass\u001b[39m=\u001b[32m\"bentobox-container bg-white/95 dark:bg-slate-900/95 backdrop-blur-sm mb-0 pt-3 pb-0 overflow-hidden\"\u001b[39m\n        \u001b[33mexit\u001b[39m=\u001b[32m\"[object Object]\"\u001b[39m\n        \u001b[33minitial\u001b[39m=\u001b[32m\"[object Object]\"\u001b[39m\n        \u001b[33mtransition\u001b[39m=\u001b[32m\"[object Object]\"\u001b[39m\n      \u001b[36m>\u001b[39m\n        \u001b[36m<div\u001b[39m\n          \u001b[33mclass\u001b[39m=\u001b[32m\"px-6\"\u001b[39m\n        \u001b[36m>\u001b[39m\n          \u001b[36m<div\u001b[39m\n            \u001b[33mclass\u001b[39m=\u001b[32m\"bentobox-grid grid grid-cols-1 md:grid-cols-4 grid-rows-1 gap-3 max-w-6xl mx-auto\"\u001b[39m\n          \u001b[36m>\u001b[39m\n            \u001b[36m<div\u001b[39m\n              \u001b[33mclass\u001b[39m=\u001b[32m\"metric-card col-span-1 bg-white dark:bg-slate-900 rounded-xl border shadow-sm flex overflow-hidden relative transition-all p-0\"\u001b[39m\n            \u001b[36m>\u001b[39m\n              \u001b[36m<div\u001b[39m\n                \u001b[33mclass\u001b[39m=\u001b[32m\"flex flex-col w-1/2 flex-grow\"\u001b[39m\n              \u001b[36m>\u001b[39m\n                \u001b[36m<div\u001b[39m\n                  \u001b[33mclass\u001b[39m=\u001b[32m\"h-full flex flex-col items-center justify-center text-center px-1\"\u001b[39m\n                \u001b[36m>\u001b[39m\n                  \u001b[36m<span\u001b[39m\n                    \u001b[33mclass\u001b[39m=\u001b[32m\"text-xs font-medium text-gray-700 dark:text-gray-300 mb-1 truncate w-full\"\u001b[39m\n                  \u001b[36m>\u001b[39m\n                    \u001b[0mActive\u001b[0m\n                  \u001b[36m</span>\u001b[39m\n                  \u001b[36m<span\u001b[39m\n                    \u001b[33mclass\u001b[39m=\u001b[32m\"text-3xl font-bold text-slate-800 dark:text-slate-100\"\u001b[39m\n                  \u001b[36m>\u001b[39m\n                    \u001b[0m0\u001b[0m\n                  \u001b[36m</span>\u001b[39m\n                \u001b[36m</div>\u001b[39m\n              \u001b[36m</div>\u001b[39m\n              \u001b[36m<div\u001b[39m\n                \u001b[33mclass\u001b[39m=\u001b[32m\"w-px h-full bg-slate-200 dark:bg-slate-800\"\u001b[39m\n              \u001b[36m/>\u001b[39m\n              \u001b[36m<div\u001b[39m\n                \u001b[33mclass\u001b[39m=\u001b[32m\"flex flex-col w-1/2 flex-grow\"\u001b[39m\n              \u001b[36m>\u001b[39m\n                \u001b[36m<div\u001b[39m\n                  \u001b[33mclass\u001b[39m=\u001b[32m\"h-full flex flex-col items-center justify-center text-center px-1\"\u001b[39m\n                \u001b[36m>\u001b[39m\n                  \u001b[36m<span\u001b[39m\n                    \u001b[33mclass\u001b[39m=\u001b[32m\"text-xs font-medium text-gray-700 dark:text-gray-300 mb-1 truncate w-full\"\u001b[39m\n                  \u001b[36m>\u001b[39m\n                    \u001b[0mCompleted\u001b[0m\n                  \u001b[36m</span>\u001b[39m\n                  \u001b[36m<span\u001b[39m\n                    \u001b[33mclass\u001b[39m=\u001b[32m\"text-3xl font-bold text-slate-800 dark:text-slate-100\"\u001b[39m\n                  \u001b[36m>\u001b[39m\n                    \u001b[0m0\u001b[0m\n                  \u001b[36m</span>\u001b[39m\n                \u001b[36m</div>\u001b[39m\n              \u001b[36m</div>\u001b[39m\n            \u001b[36m</div>\u001b[39m\n            \u001b[36m<div\u001b[39m\n              \u001b[33mclass\u001b[39m=\u001b[32m\"metric-card col-span-1 bg-gradient-to-br from-teal-500 to-emerald-600 dark:from-teal-700 dark:to-emerald-800 rounded-xl border border-teal-300/30 dark:border-teal-800/30 shadow-sm p-4 flex flex-col overflow-hidden relative\"\u001b[39m\n            \u001b[36m>\u001b[39m\n              \u001b[36m<div\u001b[39m\n                \u001b[33mclass\u001b[39m=\u001b[32m\"flex justify-between items-center\"\u001b[39m\n              \u001b[36m>\u001b[39m\n                \u001b[36m<span\u001b[39m\n                  \u001b[33mclass\u001b[39m=\u001b[32m\"text-xs font-medium text-white\"\u001b[39m\n                \u001b[36m>\u001b[39m\n                  \u001b[0mToday's Projects\u001b[0m\n                \u001b[36m</span>\u001b[39m\n                \u001b[36m<svg\u001b[39m\n                  \u001b[33mclass\u001b[39m=\u001b[32m\"lucide lucide-calendar h-4 w-4 text-white/80\"\u001b[39m\n                  \u001b[33mfill\u001b[39m=\u001b[32m\"none\"\u001b[39m\n                  \u001b[33mheight\u001b[39m=\u001b[32m\"24\"\u001b[39m\n                  \u001b[33mstroke\u001b[39m=\u001b[32m\"currentColor\"\u001b[39m\n                  \u001b[33mstroke-linecap\u001b[39m=\u001b[32m\"round\"\u001b[39m\n                  \u001b[33mstroke-linejoin\u001b[39m=\u001b[32m\"round\"\u001b[39m\n                  \u001b[33mstroke-width\u001b[39m=\u001b[32m\"2\"\u001b[39m\n                  \u001b[33mviewBox\u001b[39m=\u001b[32m\"0 0 24 24\"\u001b[39m\n                  \u001b[33mwidth\u001b[39m=\u001b[32m\"24\"\u001b[39m\n                  \u001b[33mxmlns\u001b[39m=\u001b[32m\"http://www.w3.org/2000/svg\"\u001b[39m\n                \u001b[36m>\u001b[39m\n                  \u001b[36m<path\u001b[39m\n                    \u001b[33md\u001b[39m=\u001b[32m\"M8 2v4\"\u001b[39m\n                  \u001b[36m/>\u001b[39m\n                  \u001b[36m<path\u001b[39m\n                    \u001b[33md\u001b[39m=\u001b[32m\"M16 2v4\"\u001b[39m\n                  \u001b[36m/>\u001b[39m\n                  \u001b[36m<rect\u001b[39m\n                    \u001b[33mheight\u001b[39m=\u001b[32m\"18\"\u001b[39m\n                    \u001b[33mrx\u001b[39m=\u001b[32m\"2\"\u001b[39m\n                    \u001b[33mwidth\u001b[39m=\u001b[32m\"18\"\u001b[39m\n                    \u001b[33mx\u001b[39m=\u001b[32m\"3\"\u001b[39m\n                    \u001b[33my\u001b[39m=\u001b[32m\"4\"\u001b[39m\n                  \u001b[36m/>\u001b[39m\n                  \u001b[36m<path\u001b[39m\n                    \u001b[33md\u001b[39m=\u001b[32m\"M3 10h18\"\u001b[39m\n                  \u001b[36m/>\u001b[39m\n                \u001b[36m</svg>\u001b[39m\n              \u001b[36m</div>\u001b[39m\n              \u001b[36m<div\u001b[39m\n                \u001b[33mclass\u001b[39m=\u001b[32m\"flex-grow flex flex-col justify-center items-center\"\u001b[39m\n              \u001b[36m>\u001b[39m\n                \u001b[36m<div\u001b[39m\n                  \u001b[33mclass\u001b[39m=\u001b[32m\"text-4xl font-bold text-white\"\u001b[39m\n                \u001b[36m>\u001b[39m\n                  \u001b[0m0\u001b[0m\n                \u001b[36m</div>\u001b[39m\n              \u001b[36m</div>\u001b[39m\n              \u001b[36m<div\u001b[39m\n                \u001b[33mclass\u001b[39m=\u001b[32m\"absolute -bottom-8 -right-8 w-32 h-32 bg-white/10 rounded-full\"\u001b[39m\n              \u001b[36m/>\u001b[39m\n            \u001b[36m</div>\u001b[39m\n            \u001b[36m<div\u001b[39m\n              \u001b[33mclass\u001b[39m=\u001b[32m\"metric-card col-span-1 bg-gradient-to-br from-blue-500 to-sky-600 dark:from-blue-700 dark:to-sky-800 rounded-xl border border-blue-300/30 dark:border-blue-800/30 shadow-sm p-4 flex flex-col overflow-hidden relative\"\u001b[39m\n            \u001b[36m>\u001b[39m\n              \u001b[36m<div\u001b[39m\n                \u001b[33mclass\u001b[39m=\u001b[32m\"flex justify-between items-center\"\u001b[39m\n              \u001b[36m>\u001b[39m\n                \u001b[36m<span\u001b[39m\n                  \u001b[33mclass\u001b[39m=\u001b[32m\"text-xs font-medium text-white\"\u001b[39m\n                \u001b[36m>\u001b[39m\n                  \u001b[0mOctober\u001b[0m\n                  \u001b[0m Projects\u001b[0m\n                \u001b[36m</span>\u001b[39m\n                \u001b[36m<svg\u001b[39m\n                  \u001b[33mclass\u001b[39m=\u001b[32m\"lucide lucide-calendar-days h-4 w-4 text-white/80\"\u001b[39m\n                  \u001b[33mfill\u001b[39m=\u001b[32m\"none\"\u001b[39m\n                  \u001b[33mheight\u001b[39m=\u001b[32m\"24\"\u001b[39m\n                  \u001b[33mstroke\u001b[39m=\u001b[32m\"currentColor\"\u001b[39m\n                  \u001b[33mstroke-linecap\u001b[39m=\u001b[32m\"round\"\u001b[39m\n                  \u001b[33mstroke-linejoin\u001b[39m=\u001b[32m\"round\"\u001b[39m\n                  \u001b[33mstroke-width\u001b[39m=\u001b[32m\"2\"\u001b[39m\n                  \u001b[33mviewBox\u001b[39m=\u001b[32m\"0 0 24 24\"\u001b[39m\n                  \u001b[33mwidth\u001b[39m=\u001b[32m\"24\"\u001b[39m\n                  \u001b[33mxmlns\u001b[39m=\u001b[32m\"http://www.w3.org/2000/svg\"\u001b[39m\n                \u001b[36m>\u001b[39m\n                  \u001b[36m<path\u001b[39m\n                    \u001b[33md\u001b[39m...\n    at Object.getElementError (/Users/baito.kevin/Downloads/Baito-AI/node_modules/@testing-library/dom/dist/config.js:37:19)\n    at /Users/baito.kevin/Downloads/Baito-AI/node_modules/@testing-library/dom/dist/query-helpers.js:76:38\n    at /Users/baito.kevin/Downloads/Baito-AI/node_modules/@testing-library/dom/dist/query-helpers.js:52:17\n    at /Users/baito.kevin/Downloads/Baito-AI/node_modules/@testing-library/dom/dist/query-helpers.js:95:19\n    at /Users/baito.kevin/Downloads/Baito-AI/src/pages/__tests__/ProjectsPageRedesign.test.tsx:370:34\n    at file:///Users/baito.kevin/Downloads/Baito-AI/node_modules/@vitest/runner/dist/chunk-hooks.js:155:11\n    at file:///Users/baito.kevin/Downloads/Baito-AI/node_modules/@vitest/runner/dist/chunk-hooks.js:752:26\n    at file:///Users/baito.kevin/Downloads/Baito-AI/node_modules/@vitest/runner/dist/chunk-hooks.js:1897:20\n    at new Promise (<anonymous>)\n    at runWithTimeout (file:///Users/baito.kevin/Downloads/Baito-AI/node_modules/@vitest/runner/dist/chunk-hooks.js:1863:10)"],"meta":{}},{"ancestorTitles":["ProjectsPageRedesign","2. Month Navigation Tests"],"fullName":"ProjectsPageRedesign 2. Month Navigation Tests loads projects for selected month","status":"passed","title":"loads projects for selected month","duration":7.644125000000031,"failureMessages":[],"meta":{}},{"ancestorTitles":["ProjectsPageRedesign","2. Month Navigation Tests"],"fullName":"ProjectsPageRedesign 2. Month Navigation Tests updates dashboard metrics when month changes","status":"failed","title":"updates dashboard metrics when month changes","duration":330.46858299999985,"failureMessages":["TestingLibraryElementError: Unable to find an accessible element with the role \"button\" and name `/January|February|March|April|May|June|July|August|September|October|November|December/i`\n\nHere are the accessible roles:\n\n  button:\n\n  Name \"←\":\n  \u001b[36m<button\u001b[39m\n    \u001b[33mclass\u001b[39m=\u001b[32m\"text-white/80 hover:text-white text-xs p-0.5\"\u001b[39m\n  \u001b[36m/>\u001b[39m\n\n  Name \"→\":\n  \u001b[36m<button\u001b[39m\n    \u001b[33mclass\u001b[39m=\u001b[32m\"text-white/80 hover:text-white text-xs p-0.5\"\u001b[39m\n  \u001b[36m/>\u001b[39m\n\n  Name \"OOct\":\n  \u001b[36m<button\u001b[39m\n    \u001b[33maria-expanded\u001b[39m=\u001b[32m\"false\"\u001b[39m\n    \u001b[33maria-haspopup\u001b[39m=\u001b[32m\"menu\"\u001b[39m\n    \u001b[33mclass\u001b[39m=\u001b[32m\"inline-flex items-center justify-center whitespace-nowrap focus-visible:outline-none focus-visible:ring-1 focus-visible:ring-ring disabled:pointer-events-none disabled:opacity-50 shadow-sm hover:text-accent-foreground px-3 text-xs pr-3 font-medium backdrop-blur-sm hover:bg-white dark:hover:bg-slate-900 transition-all rounded-lg min-w-24 h-10 border border-slate-200 dark:border-slate-800 bg-white dark:bg-slate-900\"\u001b[39m\n    \u001b[33mdata-state\u001b[39m=\u001b[32m\"closed\"\u001b[39m\n    \u001b[33mid\u001b[39m=\u001b[32m\"radix-:r28:\"\u001b[39m\n    \u001b[33mtype\u001b[39m=\u001b[32m\"button\"\u001b[39m\n  \u001b[36m/>\u001b[39m\n\n  Name \"Switch to grid view\":\n  \u001b[36m<button\u001b[39m\n    \u001b[33maria-label\u001b[39m=\u001b[32m\"Switch to grid view\"\u001b[39m\n    \u001b[33mclass\u001b[39m=\u001b[32m\"px-3 py-1.5 text-sm font-medium rounded-md transition-colors bg-indigo-100 dark:bg-indigo-900/50 text-indigo-700 dark:text-indigo-300\"\u001b[39m\n    \u001b[33mtitle\u001b[39m=\u001b[32m\"Grid view\"\u001b[39m\n  \u001b[36m/>\u001b[39m\n\n  Name \"Switch to list view\":\n  \u001b[36m<button\u001b[39m\n    \u001b[33maria-label\u001b[39m=\u001b[32m\"Switch to list view\"\u001b[39m\n    \u001b[33mclass\u001b[39m=\u001b[32m\"px-3 py-1.5 text-sm font-medium rounded-md transition-colors text-slate-500 hover:text-slate-700 dark:text-slate-400 dark:hover:text-slate-200\"\u001b[39m\n    \u001b[33mtitle\u001b[39m=\u001b[32m\"List view\"\u001b[39m\n  \u001b[36m/>\u001b[39m\n\n  Name \"Filters\":\n  \u001b[36m<button\u001b[39m\n    \u001b[33maria-expanded\u001b[39m=\u001b[32m\"false\"\u001b[39m\n    \u001b[33maria-haspopup\u001b[39m=\u001b[32m\"menu\"\u001b[39m\n    \u001b[33mclass\u001b[39m=\u001b[32m\"inline-flex items-center justify-center whitespace-nowrap font-medium transition-colors focus-visible:outline-none focus-visible:ring-1 focus-visible:ring-ring disabled:pointer-events-none disabled:opacity-50 border border-input bg-background shadow-sm hover:bg-accent hover:text-accent-foreground rounded-md px-3 text-xs h-10 gap-2\"\u001b[39m\n    \u001b[33mdata-state\u001b[39m=\u001b[32m\"closed\"\u001b[39m\n    \u001b[33mid\u001b[39m=\u001b[32m\"radix-:r2a:\"\u001b[39m\n    \u001b[33mtype\u001b[39m=\u001b[32m\"button\"\u001b[39m\n  \u001b[36m/>\u001b[39m\n\n  Name \"All\":\n  \u001b[36m<button\u001b[39m\n    \u001b[33maria-expanded\u001b[39m=\u001b[32m\"false\"\u001b[39m\n    \u001b[33maria-haspopup\u001b[39m=\u001b[32m\"menu\"\u001b[39m\n    \u001b[33mclass\u001b[39m=\u001b[32m\"inline-flex items-center justify-center whitespace-nowrap transition-colors focus-visible:outline-none focus-visible:ring-1 focus-visible:ring-ring disabled:pointer-events-none disabled:opacity-50 hover:text-accent-foreground rounded-md text-xs h-8 font-medium border-0 p-0 hover:bg-transparent\"\u001b[39m\n    \u001b[33mdata-state\u001b[39m=\u001b[32m\"closed\"\u001b[39m\n    \u001b[33mid\u001b[39m=\u001b[32m\"radix-:r2c:\"\u001b[39m\n    \u001b[33mtype\u001b[39m=\u001b[32m\"button\"\u001b[39m\n  \u001b[36m/>\u001b[39m\n\n  Name \"New Project\":\n  \u001b[36m<button\u001b[39m\n    \u001b[33mclass\u001b[39m=\u001b[32m\"inline-flex items-center justify-center whitespace-nowrap text-sm font-medium transition-colors focus-visible:outline-none focus-visible:ring-1 focus-visible:ring-ring disabled:pointer-events-none disabled:opacity-50 bg-primary-600 hover:bg-primary-700 active:bg-primary-800 px-4 py-2 h-10 gap-2 bg-gradient-to-r from-indigo-500 to-purple-600 hover:from-indigo-600 hover:to-purple-700 text-white shadow-sm border-0 rounded-lg\"\u001b[39m\n  \u001b[36m/>\u001b[39m\n\n  --------------------------------------------------\n  searchbox:\n\n  Name \"\":\n  \u001b[36m<input\u001b[39m\n    \u001b[33mclass\u001b[39m=\u001b[32m\"flex w-full rounded-md border-input px-3 text-sm transition-colors file:border-0 file:bg-transparent file:text-sm file:font-medium file:text-foreground placeholder:text-muted-foreground focus-visible:outline-none focus-visible:ring-1 focus-visible:ring-ring disabled:cursor-not-allowed disabled:opacity-50 pl-2 pr-4 py-2 h-10 bg-transparent border-0 shadow-none focus:ring-0 focus:outline-none\"\u001b[39m\n    \u001b[33mplaceholder\u001b[39m=\u001b[32m\"Search projects...\"\u001b[39m\n    \u001b[33mtype\u001b[39m=\u001b[32m\"search\"\u001b[39m\n    \u001b[33mvalue\u001b[39m=\u001b[32m\"\"\u001b[39m\n  \u001b[36m/>\u001b[39m\n\n  --------------------------------------------------\n  heading:\n\n  Name \"My Projects 2\":\n  \u001b[36m<h2\u001b[39m\n    \u001b[33mclass\u001b[39m=\u001b[32m\"text-lg font-semibold mb-4 flex items-center\"\u001b[39m\n  \u001b[36m/>\u001b[39m\n\n  Name \"Active Project 1\":\n  \u001b[36m<h3 />\u001b[39m\n\n  Name \"In Progress Project\":\n  \u001b[36m<h3 />\u001b[39m\n\n  Name \"All Projects 3\":\n  \u001b[36m<h2\u001b[39m\n    \u001b[33mclass\u001b[39m=\u001b[32m\"text-lg font-semibold mb-4 flex items-center\"\u001b[39m\n  \u001b[36m/>\u001b[39m\n\n  Name \"Planning Project\":\n  \u001b[36m<h3 />\u001b[39m\n\n  Name \"Completed Project\":\n  \u001b[36m<h3 />\u001b[39m\n\n  Name \"Cancelled Project\":\n  \u001b[36m<h3 />\u001b[39m\n\n  --------------------------------------------------\n\nIgnored nodes: comments, script, style\n\u001b[36m<body>\u001b[39m\n  \u001b[36m<div>\u001b[39m\n    \u001b[36m<div\u001b[39m\n      \u001b[33mclass\u001b[39m=\u001b[32m\"flex flex-col h-full bg-gradient-to-br from-[#f8fafc] to-[#eef2ff] dark:from-slate-950 dark:to-indigo-950\"\u001b[39m\n    \u001b[36m>\u001b[39m\n      \u001b[36m<div\u001b[39m\n        \u001b[33manimate\u001b[39m=\u001b[32m\"[object Object]\"\u001b[39m\n        \u001b[33mclass\u001b[39m=\u001b[32m\"bentobox-container bg-white/95 dark:bg-slate-900/95 backdrop-blur-sm mb-0 pt-3 pb-0 overflow-hidden\"\u001b[39m\n        \u001b[33mexit\u001b[39m=\u001b[32m\"[object Object]\"\u001b[39m\n        \u001b[33minitial\u001b[39m=\u001b[32m\"[object Object]\"\u001b[39m\n        \u001b[33mtransition\u001b[39m=\u001b[32m\"[object Object]\"\u001b[39m\n      \u001b[36m>\u001b[39m\n        \u001b[36m<div\u001b[39m\n          \u001b[33mclass\u001b[39m=\u001b[32m\"px-6\"\u001b[39m\n        \u001b[36m>\u001b[39m\n          \u001b[36m<div\u001b[39m\n            \u001b[33mclass\u001b[39m=\u001b[32m\"bentobox-grid grid grid-cols-1 md:grid-cols-4 grid-rows-1 gap-3 max-w-6xl mx-auto\"\u001b[39m\n          \u001b[36m>\u001b[39m\n            \u001b[36m<div\u001b[39m\n              \u001b[33mclass\u001b[39m=\u001b[32m\"metric-card col-span-1 bg-white dark:bg-slate-900 rounded-xl border shadow-sm flex overflow-hidden relative transition-all p-0\"\u001b[39m\n            \u001b[36m>\u001b[39m\n              \u001b[36m<div\u001b[39m\n                \u001b[33mclass\u001b[39m=\u001b[32m\"flex flex-col w-1/2 flex-grow\"\u001b[39m\n              \u001b[36m>\u001b[39m\n                \u001b[36m<div\u001b[39m\n                  \u001b[33mclass\u001b[39m=\u001b[32m\"h-full flex flex-col items-center justify-center text-center px-1\"\u001b[39m\n                \u001b[36m>\u001b[39m\n                  \u001b[36m<span\u001b[39m\n                    \u001b[33mclass\u001b[39m=\u001b[32m\"text-xs font-medium text-gray-700 dark:text-gray-300 mb-1 truncate w-full\"\u001b[39m\n                  \u001b[36m>\u001b[39m\n                    \u001b[0mActive\u001b[0m\n                  \u001b[36m</span>\u001b[39m\n                  \u001b[36m<span\u001b[39m\n                    \u001b[33mclass\u001b[39m=\u001b[32m\"text-3xl font-bold text-slate-800 dark:text-slate-100\"\u001b[39m\n                  \u001b[36m>\u001b[39m\n                    \u001b[0m3\u001b[0m\n                  \u001b[36m</span>\u001b[39m\n                \u001b[36m</div>\u001b[39m\n              \u001b[36m</div>\u001b[39m\n              \u001b[36m<div\u001b[39m\n                \u001b[33mclass\u001b[39m=\u001b[32m\"w-px h-full bg-slate-200 dark:bg-slate-800\"\u001b[39m\n              \u001b[36m/>\u001b[39m\n              \u001b[36m<div\u001b[39m\n                \u001b[33mclass\u001b[39m=\u001b[32m\"flex flex-col w-1/2 flex-grow\"\u001b[39m\n              \u001b[36m>\u001b[39m\n                \u001b[36m<div\u001b[39m\n                  \u001b[33mclass\u001b[39m=\u001b[32m\"h-full flex flex-col items-center justify-center text-center px-1\"\u001b[39m\n                \u001b[36m>\u001b[39m\n                  \u001b[36m<span\u001b[39m\n                    \u001b[33mclass\u001b[39m=\u001b[32m\"text-xs font-medium text-gray-700 dark:text-gray-300 mb-1 truncate w-full\"\u001b[39m\n                  \u001b[36m>\u001b[39m\n                    \u001b[0mCompleted\u001b[0m\n                  \u001b[36m</span>\u001b[39m\n                  \u001b[36m<span\u001b[39m\n                    \u001b[33mclass\u001b[39m=\u001b[32m\"text-3xl font-bold text-slate-800 dark:text-slate-100\"\u001b[39m\n                  \u001b[36m>\u001b[39m\n                    \u001b[0m1\u001b[0m\n                  \u001b[36m</span>\u001b[39m\n                \u001b[36m</div>\u001b[39m\n              \u001b[36m</div>\u001b[39m\n            \u001b[36m</div>\u001b[39m\n            \u001b[36m<div\u001b[39m\n              \u001b[33mclass\u001b[39m=\u001b[32m\"metric-card col-span-1 bg-gradient-to-br from-teal-500 to-emerald-600 dark:from-teal-700 dark:to-emerald-800 rounded-xl border border-teal-300/30 dark:border-teal-800/30 shadow-sm p-4 flex flex-col overflow-hidden relative\"\u001b[39m\n            \u001b[36m>\u001b[39m\n              \u001b[36m<div\u001b[39m\n                \u001b[33mclass\u001b[39m=\u001b[32m\"flex justify-between items-center\"\u001b[39m\n              \u001b[36m>\u001b[39m\n                \u001b[36m<span\u001b[39m\n                  \u001b[33mclass\u001b[39m=\u001b[32m\"text-xs font-medium text-white\"\u001b[39m\n                \u001b[36m>\u001b[39m\n                  \u001b[0mToday's Projects\u001b[0m\n                \u001b[36m</span>\u001b[39m\n                \u001b[36m<svg\u001b[39m\n                  \u001b[33mclass\u001b[39m=\u001b[32m\"lucide lucide-calendar h-4 w-4 text-white/80\"\u001b[39m\n                  \u001b[33mfill\u001b[39m=\u001b[32m\"none\"\u001b[39m\n                  \u001b[33mheight\u001b[39m=\u001b[32m\"24\"\u001b[39m\n                  \u001b[33mstroke\u001b[39m=\u001b[32m\"currentColor\"\u001b[39m\n                  \u001b[33mstroke-linecap\u001b[39m=\u001b[32m\"round\"\u001b[39m\n                  \u001b[33mstroke-linejoin\u001b[39m=\u001b[32m\"round\"\u001b[39m\n                  \u001b[33mstroke-width\u001b[39m=\u001b[32m\"2\"\u001b[39m\n                  \u001b[33mviewBox\u001b[39m=\u001b[32m\"0 0 24 24\"\u001b[39m\n                  \u001b[33mwidth\u001b[39m=\u001b[32m\"24\"\u001b[39m\n                  \u001b[33mxmlns\u001b[39m=\u001b[32m\"http://www.w3.org/2000/svg\"\u001b[39m\n                \u001b[36m>\u001b[39m\n                  \u001b[36m<path\u001b[39m\n                    \u001b[33md\u001b[39m=\u001b[32m\"M8 2v4\"\u001b[39m\n                  \u001b[36m/>\u001b[39m\n                  \u001b[36m<path\u001b[39m\n                    \u001b[33md\u001b[39m=\u001b[32m\"M16 2v4\"\u001b[39m\n                  \u001b[36m/>\u001b[39m\n                  \u001b[36m<rect\u001b[39m\n                    \u001b[33mheight\u001b[39m=\u001b[32m\"18\"\u001b[39m\n                    \u001b[33mrx\u001b[39m=\u001b[32m\"2\"\u001b[39m\n                    \u001b[33mwidth\u001b[39m=\u001b[32m\"18\"\u001b[39m\n                    \u001b[33mx\u001b[39m=\u001b[32m\"3\"\u001b[39m\n                    \u001b[33my\u001b[39m=\u001b[32m\"4\"\u001b[39m\n                  \u001b[36m/>\u001b[39m\n                  \u001b[36m<path\u001b[39m\n                    \u001b[33md\u001b[39m=\u001b[32m\"M3 10h18\"\u001b[39m\n                  \u001b[36m/>\u001b[39m\n                \u001b[36m</svg>\u001b[39m\n              \u001b[36m</div>\u001b[39m\n              \u001b[36m<div\u001b[39m\n                \u001b[33mclass\u001b[39m=\u001b[32m\"flex-grow flex flex-col justify-center items-center\"\u001b[39m\n              \u001b[36m>\u001b[39m\n                \u001b[36m<div\u001b[39m\n                  \u001b[33mclass\u001b[39m=\u001b[32m\"text-4xl font-bold text-white\"\u001b[39m\n                \u001b[36m>\u001b[39m\n                  \u001b[0m3\u001b[0m\n                \u001b[36m</div>\u001b[39m\n              \u001b[36m</div>\u001b[39m\n              \u001b[36m<div\u001b[39m\n                \u001b[33mclass\u001b[39m=\u001b[32m\"absolute -bottom-8 -right-8 w-32 h-32 bg-white/10 rounded-full\"\u001b[39m\n              \u001b[36m/>\u001b[39m\n            \u001b[36m</div>\u001b[39m\n            \u001b[36m<div\u001b[39m\n              \u001b[33mclass\u001b[39m=\u001b[32m\"metric-card col-span-1 bg-gradient-to-br from-blue-500 to-sky-600 dark:from-blue-700 dark:to-sky-800 rounded-xl border border-blue-300/30 dark:border-blue-800/30 shadow-sm p-4 flex flex-col overflow-hidden relative\"\u001b[39m\n            \u001b[36m>\u001b[39m\n              \u001b[36m<div\u001b[39m\n                \u001b[33mclass\u001b[39m=\u001b[32m\"flex justify-between items-center\"\u001b[39m\n              \u001b[36m>\u001b[39m\n                \u001b[36m<span\u001b[39m\n                  \u001b[33mclass\u001b[39m=\u001b[32m\"text-xs font-medium text-white\"\u001b[39m\n                \u001b[36m>\u001b[39m\n                  \u001b[0mOctober\u001b[0m\n                  \u001b[0m Projects\u001b[0m\n                \u001b[36m</span>\u001b[39m\n                \u001b[36m<svg\u001b[39m\n                  \u001b[33mclass\u001b[39m=\u001b[32m\"lucide lucide-calendar-days h-4 w-4 text-white/80\"\u001b[39m\n                  \u001b[33mfill\u001b[39m=\u001b[32m\"none\"\u001b[39m\n                  \u001b[33mheight\u001b[39m=\u001b[32m\"24\"\u001b[39m\n                  \u001b[33mstroke\u001b[39m=\u001b[32m\"currentColor\"\u001b[39m\n                  \u001b[33mstroke-linecap\u001b[39m=\u001b[32m\"round\"\u001b[39m\n                  \u001b[33mstroke-linejoin\u001b[39m=\u001b[32m\"round\"\u001b[39m\n                  \u001b[33mstroke-width\u001b[39m=\u001b[32m\"2\"\u001b[39m\n                  \u001b[33mviewBox\u001b[39m=\u001b[32m\"0 0 24 24\"\u001b[39m\n                  \u001b[33mwidth\u001b[39m=\u001b[32m\"24\"\u001b[39m\n                  \u001b[33mxmlns\u001b[39m=\u001b[32m\"http://www.w3.org/2000/svg\"\u001b[39m\n                \u001b[36m>\u001b[39m\n                  \u001b[36m<path\u001b[39m\n                    \u001b[33md\u001b[39m...\n    at Object.getElementError (/Users/baito.kevin/Downloads/Baito-AI/node_modules/@testing-library/dom/dist/config.js:37:19)\n    at /Users/baito.kevin/Downloads/Baito-AI/node_modules/@testing-library/dom/dist/query-helpers.js:76:38\n    at /Users/baito.kevin/Downloads/Baito-AI/node_modules/@testing-library/dom/dist/query-helpers.js:52:17\n    at /Users/baito.kevin/Downloads/Baito-AI/node_modules/@testing-library/dom/dist/query-helpers.js:95:19\n    at /Users/baito.kevin/Downloads/Baito-AI/src/pages/__tests__/ProjectsPageRedesign.test.tsx:402:34\n    at file:///Users/baito.kevin/Downloads/Baito-AI/node_modules/@vitest/runner/dist/chunk-hooks.js:752:20"],"meta":{}},{"ancestorTitles":["ProjectsPageRedesign","2. Month Navigation Tests"],"fullName":"ProjectsPageRedesign 2. Month Navigation Tests prefetches adjacent months","status":"passed","title":"prefetches adjacent months","duration":6.348124999999982,"failureMessages":[],"meta":{}},{"ancestorTitles":["ProjectsPageRedesign","3. Search Functionality Tests"],"fullName":"ProjectsPageRedesign 3. Search Functionality Tests search input updates on user input","status":"passed","title":"search input updates on user input","duration":46.728665999999976,"failureMessages":[],"meta":{}},{"ancestorTitles":["ProjectsPageRedesign","3. Search Functionality Tests"],"fullName":"ProjectsPageRedesign 3. Search Functionality Tests search is debounced (300ms delay)","status":"failed","title":"search is debounced (300ms delay)","duration":5003.438958,"failureMessages":["Error: STACK_TRACE_ERROR\n    at task (file:///Users/baito.kevin/Downloads/Baito-AI/node_modules/@vitest/runner/dist/chunk-hooks.js:638:27)\n    at Object.<anonymous> (file:///Users/baito.kevin/Downloads/Baito-AI/node_modules/@vitest/runner/dist/chunk-hooks.js:662:16)\n    at Object.<anonymous> (file:///Users/baito.kevin/Downloads/Baito-AI/node_modules/@vitest/runner/dist/chunk-hooks.js:458:28)\n    at Module.chain (file:///Users/baito.kevin/Downloads/Baito-AI/node_modules/@vitest/runner/dist/chunk-hooks.js:369:14)\n    at /Users/baito.kevin/Downloads/Baito-AI/src/pages/__tests__/ProjectsPageRedesign.test.tsx:432:5\n    at file:///Users/baito.kevin/Downloads/Baito-AI/node_modules/@vitest/runner/dist/chunk-hooks.js:734:40\n    at runWithSuite (file:///Users/baito.kevin/Downloads/Baito-AI/node_modules/@vitest/runner/dist/chunk-hooks.js:1849:8)\n    at Object.collect (file:///Users/baito.kevin/Downloads/Baito-AI/node_modules/@vitest/runner/dist/chunk-hooks.js:734:10)\n    at Object.collect (file:///Users/baito.kevin/Downloads/Baito-AI/node_modules/@vitest/runner/dist/chunk-hooks.js:738:54)\n    at processTicksAndRejections (node:internal/process/task_queues:105:5)\n    at Object.collect (file:///Users/baito.kevin/Downloads/Baito-AI/node_modules/@vitest/runner/dist/chunk-hooks.js:738:46)\n    at collectTests (file:///Users/baito.kevin/Downloads/Baito-AI/node_modules/@vitest/runner/dist/chunk-hooks.js:1179:25)\n    at startTests (file:///Users/baito.kevin/Downloads/Baito-AI/node_modules/@vitest/runner/dist/chunk-hooks.js:1817:17)\n    at file:///Users/baito.kevin/Downloads/Baito-AI/node_modules/vitest/dist/chunks/runBaseTests.9Ij9_de-.js:117:26\n    at withEnv (file:///Users/baito.kevin/Downloads/Baito-AI/node_modules/vitest/dist/chunks/runBaseTests.9Ij9_de-.js:84:3)"],"meta":{}},{"ancestorTitles":["ProjectsPageRedesign","3. Search Functionality Tests"],"fullName":"ProjectsPageRedesign 3. Search Functionality Tests filters projects by search query","status":"failed","title":"filters projects by search query","duration":5006.795917,"failureMessages":["Error: STACK_TRACE_ERROR\n    at task (file:///Users/baito.kevin/Downloads/Baito-AI/node_modules/@vitest/runner/dist/chunk-hooks.js:638:27)\n    at Object.<anonymous> (file:///Users/baito.kevin/Downloads/Baito-AI/node_modules/@vitest/runner/dist/chunk-hooks.js:662:16)\n    at Object.<anonymous> (file:///Users/baito.kevin/Downloads/Baito-AI/node_modules/@vitest/runner/dist/chunk-hooks.js:458:28)\n    at Module.chain (file:///Users/baito.kevin/Downloads/Baito-AI/node_modules/@vitest/runner/dist/chunk-hooks.js:369:14)\n    at /Users/baito.kevin/Downloads/Baito-AI/src/pages/__tests__/ProjectsPageRedesign.test.tsx:450:5\n    at file:///Users/baito.kevin/Downloads/Baito-AI/node_modules/@vitest/runner/dist/chunk-hooks.js:734:40\n    at runWithSuite (file:///Users/baito.kevin/Downloads/Baito-AI/node_modules/@vitest/runner/dist/chunk-hooks.js:1849:8)\n    at Object.collect (file:///Users/baito.kevin/Downloads/Baito-AI/node_modules/@vitest/runner/dist/chunk-hooks.js:734:10)\n    at Object.collect (file:///Users/baito.kevin/Downloads/Baito-AI/node_modules/@vitest/runner/dist/chunk-hooks.js:738:54)\n    at processTicksAndRejections (node:internal/process/task_queues:105:5)\n    at Object.collect (file:///Users/baito.kevin/Downloads/Baito-AI/node_modules/@vitest/runner/dist/chunk-hooks.js:738:46)\n    at collectTests (file:///Users/baito.kevin/Downloads/Baito-AI/node_modules/@vitest/runner/dist/chunk-hooks.js:1179:25)\n    at startTests (file:///Users/baito.kevin/Downloads/Baito-AI/node_modules/@vitest/runner/dist/chunk-hooks.js:1817:17)\n    at file:///Users/baito.kevin/Downloads/Baito-AI/node_modules/vitest/dist/chunks/runBaseTests.9Ij9_de-.js:117:26\n    at withEnv (file:///Users/baito.kevin/Downloads/Baito-AI/node_modules/vitest/dist/chunks/runBaseTests.9Ij9_de-.js:84:3)"],"meta":{}},{"ancestorTitles":["ProjectsPageRedesign","3. Search Functionality Tests"],"fullName":"ProjectsPageRedesign 3. Search Functionality Tests shows clear button when search has value","status":"failed","title":"shows clear button when search has value","duration":5007.737042000001,"failureMessages":["Error: STACK_TRACE_ERROR\n    at task (file:///Users/baito.kevin/Downloads/Baito-AI/node_modules/@vitest/runner/dist/chunk-hooks.js:638:27)\n    at Object.<anonymous> (file:///Users/baito.kevin/Downloads/Baito-AI/node_modules/@vitest/runner/dist/chunk-hooks.js:662:16)\n    at Object.<anonymous> (file:///Users/baito.kevin/Downloads/Baito-AI/node_modules/@vitest/runner/dist/chunk-hooks.js:458:28)\n    at Module.chain (file:///Users/baito.kevin/Downloads/Baito-AI/node_modules/@vitest/runner/dist/chunk-hooks.js:369:14)\n    at /Users/baito.kevin/Downloads/Baito-AI/src/pages/__tests__/ProjectsPageRedesign.test.tsx:466:5\n    at file:///Users/baito.kevin/Downloads/Baito-AI/node_modules/@vitest/runner/dist/chunk-hooks.js:734:40\n    at runWithSuite (file:///Users/baito.kevin/Downloads/Baito-AI/node_modules/@vitest/runner/dist/chunk-hooks.js:1849:8)\n    at Object.collect (file:///Users/baito.kevin/Downloads/Baito-AI/node_modules/@vitest/runner/dist/chunk-hooks.js:734:10)\n    at Object.collect (file:///Users/baito.kevin/Downloads/Baito-AI/node_modules/@vitest/runner/dist/chunk-hooks.js:738:54)\n    at processTicksAndRejections (node:internal/process/task_queues:105:5)\n    at Object.collect (file:///Users/baito.kevin/Downloads/Baito-AI/node_modules/@vitest/runner/dist/chunk-hooks.js:738:46)\n    at collectTests (file:///Users/baito.kevin/Downloads/Baito-AI/node_modules/@vitest/runner/dist/chunk-hooks.js:1179:25)\n    at startTests (file:///Users/baito.kevin/Downloads/Baito-AI/node_modules/@vitest/runner/dist/chunk-hooks.js:1817:17)\n    at file:///Users/baito.kevin/Downloads/Baito-AI/node_modules/vitest/dist/chunks/runBaseTests.9Ij9_de-.js:117:26\n    at withEnv (file:///Users/baito.kevin/Downloads/Baito-AI/node_modules/vitest/dist/chunks/runBaseTests.9Ij9_de-.js:84:3)"],"meta":{}},{"ancestorTitles":["ProjectsPageRedesign","3. Search Functionality Tests"],"fullName":"ProjectsPageRedesign 3. Search Functionality Tests clears search when X button clicked","status":"failed","title":"clears search when X button clicked","duration":5004.720375000001,"failureMessages":["Error: STACK_TRACE_ERROR\n    at task (file:///Users/baito.kevin/Downloads/Baito-AI/node_modules/@vitest/runner/dist/chunk-hooks.js:638:27)\n    at Object.<anonymous> (file:///Users/baito.kevin/Downloads/Baito-AI/node_modules/@vitest/runner/dist/chunk-hooks.js:662:16)\n    at Object.<anonymous> (file:///Users/baito.kevin/Downloads/Baito-AI/node_modules/@vitest/runner/dist/chunk-hooks.js:458:28)\n    at Module.chain (file:///Users/baito.kevin/Downloads/Baito-AI/node_modules/@vitest/runner/dist/chunk-hooks.js:369:14)\n    at /Users/baito.kevin/Downloads/Baito-AI/src/pages/__tests__/ProjectsPageRedesign.test.tsx:477:5\n    at file:///Users/baito.kevin/Downloads/Baito-AI/node_modules/@vitest/runner/dist/chunk-hooks.js:734:40\n    at runWithSuite (file:///Users/baito.kevin/Downloads/Baito-AI/node_modules/@vitest/runner/dist/chunk-hooks.js:1849:8)\n    at Object.collect (file:///Users/baito.kevin/Downloads/Baito-AI/node_modules/@vitest/runner/dist/chunk-hooks.js:734:10)\n    at Object.collect (file:///Users/baito.kevin/Downloads/Baito-AI/node_modules/@vitest/runner/dist/chunk-hooks.js:738:54)\n    at processTicksAndRejections (node:internal/process/task_queues:105:5)\n    at Object.collect (file:///Users/baito.kevin/Downloads/Baito-AI/node_modules/@vitest/runner/dist/chunk-hooks.js:738:46)\n    at collectTests (file:///Users/baito.kevin/Downloads/Baito-AI/node_modules/@vitest/runner/dist/chunk-hooks.js:1179:25)\n    at startTests (file:///Users/baito.kevin/Downloads/Baito-AI/node_modules/@vitest/runner/dist/chunk-hooks.js:1817:17)\n    at file:///Users/baito.kevin/Downloads/Baito-AI/node_modules/vitest/dist/chunks/runBaseTests.9Ij9_de-.js:117:26\n    at withEnv (file:///Users/baito.kevin/Downloads/Baito-AI/node_modules/vitest/dist/chunks/runBaseTests.9Ij9_de-.js:84:3)"],"meta":{}},{"ancestorTitles":["ProjectsPageRedesign","4. Filter Functionality Tests"],"fullName":"ProjectsPageRedesign 4. Filter Functionality Tests status filter dropdown shows all options","status":"failed","title":"status filter dropdown shows all options","duration":5006.612499999999,"failureMessages":["Error: STACK_TRACE_ERROR\n    at task (file:///Users/baito.kevin/Downloads/Baito-AI/node_modules/@vitest/runner/dist/chunk-hooks.js:638:27)\n    at Object.<anonymous> (file:///Users/baito.kevin/Downloads/Baito-AI/node_modules/@vitest/runner/dist/chunk-hooks.js:662:16)\n    at Object.<anonymous> (file:///Users/baito.kevin/Downloads/Baito-AI/node_modules/@vitest/runner/dist/chunk-hooks.js:458:28)\n    at Module.chain (file:///Users/baito.kevin/Downloads/Baito-AI/node_modules/@vitest/runner/dist/chunk-hooks.js:369:14)\n    at /Users/baito.kevin/Downloads/Baito-AI/src/pages/__tests__/ProjectsPageRedesign.test.tsx:493:5\n    at file:///Users/baito.kevin/Downloads/Baito-AI/node_modules/@vitest/runner/dist/chunk-hooks.js:734:40\n    at runWithSuite (file:///Users/baito.kevin/Downloads/Baito-AI/node_modules/@vitest/runner/dist/chunk-hooks.js:1849:8)\n    at Object.collect (file:///Users/baito.kevin/Downloads/Baito-AI/node_modules/@vitest/runner/dist/chunk-hooks.js:734:10)\n    at Object.collect (file:///Users/baito.kevin/Downloads/Baito-AI/node_modules/@vitest/runner/dist/chunk-hooks.js:738:54)\n    at processTicksAndRejections (node:internal/process/task_queues:105:5)\n    at Object.collect (file:///Users/baito.kevin/Downloads/Baito-AI/node_modules/@vitest/runner/dist/chunk-hooks.js:738:46)\n    at collectTests (file:///Users/baito.kevin/Downloads/Baito-AI/node_modules/@vitest/runner/dist/chunk-hooks.js:1179:25)\n    at startTests (file:///Users/baito.kevin/Downloads/Baito-AI/node_modules/@vitest/runner/dist/chunk-hooks.js:1817:17)\n    at file:///Users/baito.kevin/Downloads/Baito-AI/node_modules/vitest/dist/chunks/runBaseTests.9Ij9_de-.js:117:26\n    at withEnv (file:///Users/baito.kevin/Downloads/Baito-AI/node_modules/vitest/dist/chunks/runBaseTests.9Ij9_de-.js:84:3)"],"meta":{}},{"ancestorTitles":["ProjectsPageRedesign","4. Filter Functionality Tests"],"fullName":"ProjectsPageRedesign 4. Filter Functionality Tests selecting status filters projects correctly","status":"failed","title":"selecting status filters projects correctly","duration":5007.580542,"failureMessages":["Error: STACK_TRACE_ERROR\n    at task (file:///Users/baito.kevin/Downloads/Baito-AI/node_modules/@vitest/runner/dist/chunk-hooks.js:638:27)\n    at Object.<anonymous> (file:///Users/baito.kevin/Downloads/Baito-AI/node_modules/@vitest/runner/dist/chunk-hooks.js:662:16)\n    at Object.<anonymous> (file:///Users/baito.kevin/Downloads/Baito-AI/node_modules/@vitest/runner/dist/chunk-hooks.js:458:28)\n    at Module.chain (file:///Users/baito.kevin/Downloads/Baito-AI/node_modules/@vitest/runner/dist/chunk-hooks.js:369:14)\n    at /Users/baito.kevin/Downloads/Baito-AI/src/pages/__tests__/ProjectsPageRedesign.test.tsx:510:5\n    at file:///Users/baito.kevin/Downloads/Baito-AI/node_modules/@vitest/runner/dist/chunk-hooks.js:734:40\n    at runWithSuite (file:///Users/baito.kevin/Downloads/Baito-AI/node_modules/@vitest/runner/dist/chunk-hooks.js:1849:8)\n    at Object.collect (file:///Users/baito.kevin/Downloads/Baito-AI/node_modules/@vitest/runner/dist/chunk-hooks.js:734:10)\n    at Object.collect (file:///Users/baito.kevin/Downloads/Baito-AI/node_modules/@vitest/runner/dist/chunk-hooks.js:738:54)\n    at processTicksAndRejections (node:internal/process/task_queues:105:5)\n    at Object.collect (file:///Users/baito.kevin/Downloads/Baito-AI/node_modules/@vitest/runner/dist/chunk-hooks.js:738:46)\n    at collectTests (file:///Users/baito.kevin/Downloads/Baito-AI/node_modules/@vitest/runner/dist/chunk-hooks.js:1179:25)\n    at startTests (file:///Users/baito.kevin/Downloads/Baito-AI/node_modules/@vitest/runner/dist/chunk-hooks.js:1817:17)\n    at file:///Users/baito.kevin/Downloads/Baito-AI/node_modules/vitest/dist/chunks/runBaseTests.9Ij9_de-.js:117:26\n    at withEnv (file:///Users/baito.kevin/Downloads/Baito-AI/node_modules/vitest/dist/chunks/runBaseTests.9Ij9_de-.js:84:3)"],"meta":{}},{"ancestorTitles":["ProjectsPageRedesign","4. Filter Functionality Tests"],"fullName":"ProjectsPageRedesign 4. Filter Functionality Tests \"Active\" filter includes: active, in_progress, confirmed statuses","status":"failed","title":"\"Active\" filter includes: active, in_progress, confirmed statuses","duration":5008.731665999996,"failureMessages":["Error: STACK_TRACE_ERROR\n    at task (file:///Users/baito.kevin/Downloads/Baito-AI/node_modules/@vitest/runner/dist/chunk-hooks.js:638:27)\n    at Object.<anonymous> (file:///Users/baito.kevin/Downloads/Baito-AI/node_modules/@vitest/runner/dist/chunk-hooks.js:662:16)\n    at Object.<anonymous> (file:///Users/baito.kevin/Downloads/Baito-AI/node_modules/@vitest/runner/dist/chunk-hooks.js:458:28)\n    at Module.chain (file:///Users/baito.kevin/Downloads/Baito-AI/node_modules/@vitest/runner/dist/chunk-hooks.js:369:14)\n    at /Users/baito.kevin/Downloads/Baito-AI/src/pages/__tests__/ProjectsPageRedesign.test.tsx:533:5\n    at file:///Users/baito.kevin/Downloads/Baito-AI/node_modules/@vitest/runner/dist/chunk-hooks.js:734:40\n    at runWithSuite (file:///Users/baito.kevin/Downloads/Baito-AI/node_modules/@vitest/runner/dist/chunk-hooks.js:1849:8)\n    at Object.collect (file:///Users/baito.kevin/Downloads/Baito-AI/node_modules/@vitest/runner/dist/chunk-hooks.js:734:10)\n    at Object.collect (file:///Users/baito.kevin/Downloads/Baito-AI/node_modules/@vitest/runner/dist/chunk-hooks.js:738:54)\n    at processTicksAndRejections (node:internal/process/task_queues:105:5)\n    at Object.collect (file:///Users/baito.kevin/Downloads/Baito-AI/node_modules/@vitest/runner/dist/chunk-hooks.js:738:46)\n    at collectTests (file:///Users/baito.kevin/Downloads/Baito-AI/node_modules/@vitest/runner/dist/chunk-hooks.js:1179:25)\n    at startTests (file:///Users/baito.kevin/Downloads/Baito-AI/node_modules/@vitest/runner/dist/chunk-hooks.js:1817:17)\n    at file:///Users/baito.kevin/Downloads/Baito-AI/node_modules/vitest/dist/chunks/runBaseTests.9Ij9_de-.js:117:26\n    at withEnv (file:///Users/baito.kevin/Downloads/Baito-AI/node_modules/vitest/dist/chunks/runBaseTests.9Ij9_de-.js:84:3)"],"meta":{}},{"ancestorTitles":["ProjectsPageRedesign","4. Filter Functionality Tests"],"fullName":"ProjectsPageRedesign 4. Filter Functionality Tests advanced filters show \"More filters coming soon\"","status":"failed","title":"advanced filters show \"More filters coming soon\"","duration":5007.871625000007,"failureMessages":["Error: STACK_TRACE_ERROR\n    at task (file:///Users/baito.kevin/Downloads/Baito-AI/node_modules/@vitest/runner/dist/chunk-hooks.js:638:27)\n    at Object.<anonymous> (file:///Users/baito.kevin/Downloads/Baito-AI/node_modules/@vitest/runner/dist/chunk-hooks.js:662:16)\n    at Object.<anonymous> (file:///Users/baito.kevin/Downloads/Baito-AI/node_modules/@vitest/runner/dist/chunk-hooks.js:458:28)\n    at Module.chain (file:///Users/baito.kevin/Downloads/Baito-AI/node_modules/@vitest/runner/dist/chunk-hooks.js:369:14)\n    at /Users/baito.kevin/Downloads/Baito-AI/src/pages/__tests__/ProjectsPageRedesign.test.tsx:555:5\n    at file:///Users/baito.kevin/Downloads/Baito-AI/node_modules/@vitest/runner/dist/chunk-hooks.js:734:40\n    at runWithSuite (file:///Users/baito.kevin/Downloads/Baito-AI/node_modules/@vitest/runner/dist/chunk-hooks.js:1849:8)\n    at Object.collect (file:///Users/baito.kevin/Downloads/Baito-AI/node_modules/@vitest/runner/dist/chunk-hooks.js:734:10)\n    at Object.collect (file:///Users/baito.kevin/Downloads/Baito-AI/node_modules/@vitest/runner/dist/chunk-hooks.js:738:54)\n    at processTicksAndRejections (node:internal/process/task_queues:105:5)\n    at Object.collect (file:///Users/baito.kevin/Downloads/Baito-AI/node_modules/@vitest/runner/dist/chunk-hooks.js:738:46)\n    at collectTests (file:///Users/baito.kevin/Downloads/Baito-AI/node_modules/@vitest/runner/dist/chunk-hooks.js:1179:25)\n    at startTests (file:///Users/baito.kevin/Downloads/Baito-AI/node_modules/@vitest/runner/dist/chunk-hooks.js:1817:17)\n    at file:///Users/baito.kevin/Downloads/Baito-AI/node_modules/vitest/dist/chunks/runBaseTests.9Ij9_de-.js:117:26\n    at withEnv (file:///Users/baito.kevin/Downloads/Baito-AI/node_modules/vitest/dist/chunks/runBaseTests.9Ij9_de-.js:84:3)"],"meta":{}},{"ancestorTitles":["ProjectsPageRedesign","5. View Toggle Tests"],"fullName":"ProjectsPageRedesign 5. View Toggle Tests can switch between grid and list view","status":"failed","title":"can switch between grid and list view","duration":5009.453332999998,"failureMessages":["Error: STACK_TRACE_ERROR\n    at task (file:///Users/baito.kevin/Downloads/Baito-AI/node_modules/@vitest/runner/dist/chunk-hooks.js:638:27)\n    at Object.<anonymous> (file:///Users/baito.kevin/Downloads/Baito-AI/node_modules/@vitest/runner/dist/chunk-hooks.js:662:16)\n    at Object.<anonymous> (file:///Users/baito.kevin/Downloads/Baito-AI/node_modules/@vitest/runner/dist/chunk-hooks.js:458:28)\n    at Module.chain (file:///Users/baito.kevin/Downloads/Baito-AI/node_modules/@vitest/runner/dist/chunk-hooks.js:369:14)\n    at /Users/baito.kevin/Downloads/Baito-AI/src/pages/__tests__/ProjectsPageRedesign.test.tsx:570:5\n    at file:///Users/baito.kevin/Downloads/Baito-AI/node_modules/@vitest/runner/dist/chunk-hooks.js:734:40\n    at runWithSuite (file:///Users/baito.kevin/Downloads/Baito-AI/node_modules/@vitest/runner/dist/chunk-hooks.js:1849:8)\n    at Object.collect (file:///Users/baito.kevin/Downloads/Baito-AI/node_modules/@vitest/runner/dist/chunk-hooks.js:734:10)\n    at Object.collect (file:///Users/baito.kevin/Downloads/Baito-AI/node_modules/@vitest/runner/dist/chunk-hooks.js:738:54)\n    at processTicksAndRejections (node:internal/process/task_queues:105:5)\n    at Object.collect (file:///Users/baito.kevin/Downloads/Baito-AI/node_modules/@vitest/runner/dist/chunk-hooks.js:738:46)\n    at collectTests (file:///Users/baito.kevin/Downloads/Baito-AI/node_modules/@vitest/runner/dist/chunk-hooks.js:1179:25)\n    at startTests (file:///Users/baito.kevin/Downloads/Baito-AI/node_modules/@vitest/runner/dist/chunk-hooks.js:1817:17)\n    at file:///Users/baito.kevin/Downloads/Baito-AI/node_modules/vitest/dist/chunks/runBaseTests.9Ij9_de-.js:117:26\n    at withEnv (file:///Users/baito.kevin/Downloads/Baito-AI/node_modules/vitest/dist/chunks/runBaseTests.9Ij9_de-.js:84:3)"],"meta":{}},{"ancestorTitles":["ProjectsPageRedesign","5. View Toggle Tests"],"fullName":"ProjectsPageRedesign 5. View Toggle Tests view mode persists in localStorage","status":"failed","title":"view mode persists in localStorage","duration":5003.844124999996,"failureMessages":["Error: STACK_TRACE_ERROR\n    at task (file:///Users/baito.kevin/Downloads/Baito-AI/node_modules/@vitest/runner/dist/chunk-hooks.js:638:27)\n    at Object.<anonymous> (file:///Users/baito.kevin/Downloads/Baito-AI/node_modules/@vitest/runner/dist/chunk-hooks.js:662:16)\n    at Object.<anonymous> (file:///Users/baito.kevin/Downloads/Baito-AI/node_modules/@vitest/runner/dist/chunk-hooks.js:458:28)\n    at Module.chain (file:///Users/baito.kevin/Downloads/Baito-AI/node_modules/@vitest/runner/dist/chunk-hooks.js:369:14)\n    at /Users/baito.kevin/Downloads/Baito-AI/src/pages/__tests__/ProjectsPageRedesign.test.tsx:588:5\n    at file:///Users/baito.kevin/Downloads/Baito-AI/node_modules/@vitest/runner/dist/chunk-hooks.js:734:40\n    at runWithSuite (file:///Users/baito.kevin/Downloads/Baito-AI/node_modules/@vitest/runner/dist/chunk-hooks.js:1849:8)\n    at Object.collect (file:///Users/baito.kevin/Downloads/Baito-AI/node_modules/@vitest/runner/dist/chunk-hooks.js:734:10)\n    at Object.collect (file:///Users/baito.kevin/Downloads/Baito-AI/node_modules/@vitest/runner/dist/chunk-hooks.js:738:54)\n    at processTicksAndRejections (node:internal/process/task_queues:105:5)\n    at Object.collect (file:///Users/baito.kevin/Downloads/Baito-AI/node_modules/@vitest/runner/dist/chunk-hooks.js:738:46)\n    at collectTests (file:///Users/baito.kevin/Downloads/Baito-AI/node_modules/@vitest/runner/dist/chunk-hooks.js:1179:25)\n    at startTests (file:///Users/baito.kevin/Downloads/Baito-AI/node_modules/@vitest/runner/dist/chunk-hooks.js:1817:17)\n    at file:///Users/baito.kevin/Downloads/Baito-AI/node_modules/vitest/dist/chunks/runBaseTests.9Ij9_de-.js:117:26\n    at withEnv (file:///Users/baito.kevin/Downloads/Baito-AI/node_modules/vitest/dist/chunks/runBaseTests.9Ij9_de-.js:84:3)"],"meta":{}},{"ancestorTitles":["ProjectsPageRedesign","5. View Toggle Tests"],"fullName":"ProjectsPageRedesign 5. View Toggle Tests Grid button has aria-label=\"Switch to grid view\"","status":"passed","title":"Grid button has aria-label=\"Switch to grid view\"","duration":8.237291999997979,"failureMessages":[],"meta":{}},{"ancestorTitles":["ProjectsPageRedesign","5. View Toggle Tests"],"fullName":"ProjectsPageRedesign 5. View Toggle Tests List button has aria-label=\"Switch to list view\"","status":"passed","title":"List button has aria-label=\"Switch to list view\"","duration":9.587541999993846,"failureMessages":[],"meta":{}},{"ancestorTitles":["ProjectsPageRedesign","6. Project Card Interaction Tests"],"fullName":"ProjectsPageRedesign 6. Project Card Interaction Tests clicking project card navigates to /projects/{id}","status":"failed","title":"clicking project card navigates to /projects/{id}","duration":5006.371500000001,"failureMessages":["Error: STACK_TRACE_ERROR\n    at task (file:///Users/baito.kevin/Downloads/Baito-AI/node_modules/@vitest/runner/dist/chunk-hooks.js:638:27)\n    at Object.<anonymous> (file:///Users/baito.kevin/Downloads/Baito-AI/node_modules/@vitest/runner/dist/chunk-hooks.js:662:16)\n    at Object.<anonymous> (file:///Users/baito.kevin/Downloads/Baito-AI/node_modules/@vitest/runner/dist/chunk-hooks.js:458:28)\n    at Module.chain (file:///Users/baito.kevin/Downloads/Baito-AI/node_modules/@vitest/runner/dist/chunk-hooks.js:369:14)\n    at /Users/baito.kevin/Downloads/Baito-AI/src/pages/__tests__/ProjectsPageRedesign.test.tsx:619:5\n    at file:///Users/baito.kevin/Downloads/Baito-AI/node_modules/@vitest/runner/dist/chunk-hooks.js:734:40\n    at runWithSuite (file:///Users/baito.kevin/Downloads/Baito-AI/node_modules/@vitest/runner/dist/chunk-hooks.js:1849:8)\n    at Object.collect (file:///Users/baito.kevin/Downloads/Baito-AI/node_modules/@vitest/runner/dist/chunk-hooks.js:734:10)\n    at Object.collect (file:///Users/baito.kevin/Downloads/Baito-AI/node_modules/@vitest/runner/dist/chunk-hooks.js:738:54)\n    at processTicksAndRejections (node:internal/process/task_queues:105:5)\n    at Object.collect (file:///Users/baito.kevin/Downloads/Baito-AI/node_modules/@vitest/runner/dist/chunk-hooks.js:738:46)\n    at collectTests (file:///Users/baito.kevin/Downloads/Baito-AI/node_modules/@vitest/runner/dist/chunk-hooks.js:1179:25)\n    at startTests (file:///Users/baito.kevin/Downloads/Baito-AI/node_modules/@vitest/runner/dist/chunk-hooks.js:1817:17)\n    at file:///Users/baito.kevin/Downloads/Baito-AI/node_modules/vitest/dist/chunks/runBaseTests.9Ij9_de-.js:117:26\n    at withEnv (file:///Users/baito.kevin/Downloads/Baito-AI/node_modules/vitest/dist/chunks/runBaseTests.9Ij9_de-.js:84:3)"],"meta":{}},{"ancestorTitles":["ProjectsPageRedesign","6. Project Card Interaction Tests"],"fullName":"ProjectsPageRedesign 6. Project Card Interaction Tests navigation uses React Router's navigate function","status":"failed","title":"navigation uses React Router's navigate function","duration":5008.739625000002,"failureMessages":["Error: STACK_TRACE_ERROR\n    at task (file:///Users/baito.kevin/Downloads/Baito-AI/node_modules/@vitest/runner/dist/chunk-hooks.js:638:27)\n    at Object.<anonymous> (file:///Users/baito.kevin/Downloads/Baito-AI/node_modules/@vitest/runner/dist/chunk-hooks.js:662:16)\n    at Object.<anonymous> (file:///Users/baito.kevin/Downloads/Baito-AI/node_modules/@vitest/runner/dist/chunk-hooks.js:458:28)\n    at Module.chain (file:///Users/baito.kevin/Downloads/Baito-AI/node_modules/@vitest/runner/dist/chunk-hooks.js:369:14)\n    at /Users/baito.kevin/Downloads/Baito-AI/src/pages/__tests__/ProjectsPageRedesign.test.tsx:632:5\n    at file:///Users/baito.kevin/Downloads/Baito-AI/node_modules/@vitest/runner/dist/chunk-hooks.js:734:40\n    at runWithSuite (file:///Users/baito.kevin/Downloads/Baito-AI/node_modules/@vitest/runner/dist/chunk-hooks.js:1849:8)\n    at Object.collect (file:///Users/baito.kevin/Downloads/Baito-AI/node_modules/@vitest/runner/dist/chunk-hooks.js:734:10)\n    at Object.collect (file:///Users/baito.kevin/Downloads/Baito-AI/node_modules/@vitest/runner/dist/chunk-hooks.js:738:54)\n    at processTicksAndRejections (node:internal/process/task_queues:105:5)\n    at Object.collect (file:///Users/baito.kevin/Downloads/Baito-AI/node_modules/@vitest/runner/dist/chunk-hooks.js:738:46)\n    at collectTests (file:///Users/baito.kevin/Downloads/Baito-AI/node_modules/@vitest/runner/dist/chunk-hooks.js:1179:25)\n    at startTests (file:///Users/baito.kevin/Downloads/Baito-AI/node_modules/@vitest/runner/dist/chunk-hooks.js:1817:17)\n    at file:///Users/baito.kevin/Downloads/Baito-AI/node_modules/vitest/dist/chunks/runBaseTests.9Ij9_de-.js:117:26\n    at withEnv (file:///Users/baito.kevin/Downloads/Baito-AI/node_modules/vitest/dist/chunks/runBaseTests.9Ij9_de-.js:84:3)"],"meta":{}},{"ancestorTitles":["ProjectsPageRedesign","6. Project Card Interaction Tests"],"fullName":"ProjectsPageRedesign 6. Project Card Interaction Tests verified navigation was fixed (EditProjectDialog was removed)","status":"failed","title":"verified navigation was fixed (EditProjectDialog was removed)","duration":5007.917208000006,"failureMessages":["Error: STACK_TRACE_ERROR\n    at task (file:///Users/baito.kevin/Downloads/Baito-AI/node_modules/@vitest/runner/dist/chunk-hooks.js:638:27)\n    at Object.<anonymous> (file:///Users/baito.kevin/Downloads/Baito-AI/node_modules/@vitest/runner/dist/chunk-hooks.js:662:16)\n    at Object.<anonymous> (file:///Users/baito.kevin/Downloads/Baito-AI/node_modules/@vitest/runner/dist/chunk-hooks.js:458:28)\n    at Module.chain (file:///Users/baito.kevin/Downloads/Baito-AI/node_modules/@vitest/runner/dist/chunk-hooks.js:369:14)\n    at /Users/baito.kevin/Downloads/Baito-AI/src/pages/__tests__/ProjectsPageRedesign.test.tsx:645:5\n    at file:///Users/baito.kevin/Downloads/Baito-AI/node_modules/@vitest/runner/dist/chunk-hooks.js:734:40\n    at runWithSuite (file:///Users/baito.kevin/Downloads/Baito-AI/node_modules/@vitest/runner/dist/chunk-hooks.js:1849:8)\n    at Object.collect (file:///Us
[...]
ist/chunk-hooks.js:662:16)\n    at Object.<anonymous> (file:///Users/baito.kevin/Downloads/Baito-AI/node_modules/@vitest/runner/dist/chunk-hooks.js:458:28)\n    at Module.chain (file:///Users/baito.kevin/Downloads/Baito-AI/node_modules/@vitest/runner/dist/chunk-hooks.js:369:14)\n    at /Users/baito.kevin/Downloads/Baito-AI/src/pages/__tests__/ProjectsPageRedesign.test.tsx:792:5\n    at file:///Users/baito.kevin/Downloads/Baito-AI/node_modules/@vitest/runner/dist/chunk-hooks.js:734:40\n    at runWithSuite (file:///Users/baito.kevin/Downloads/Baito-AI/node_modules/@vitest/runner/dist/chunk-hooks.js:1849:8)\n    at Object.collect (file:///Users/baito.kevin/Downloads/Baito-AI/node_modules/@vitest/runner/dist/chunk-hooks.js:734:10)\n    at Object.collect (file:///Users/baito.kevin/Downloads/Baito-AI/node_modules/@vitest/runner/dist/chunk-hooks.js:738:54)\n    at processTicksAndRejections (node:internal/process/task_queues:105:5)\n    at Object.collect (file:///Users/baito.kevin/Downloads/Baito-AI/node_modules/@vitest/runner/dist/chunk-hooks.js:738:46)\n    at collectTests (file:///Users/baito.kevin/Downloads/Baito-AI/node_modules/@vitest/runner/dist/chunk-hooks.js:1179:25)\n    at startTests (file:///Users/baito.kevin/Downloads/Baito-AI/node_modules/@vitest/runner/dist/chunk-hooks.js:1817:17)\n    at file:///Users/baito.kevin/Downloads/Baito-AI/node_modules/vitest/dist/chunks/runBaseTests.9Ij9_de-.js:117:26\n    at withEnv (file:///Users/baito.kevin/Downloads/Baito-AI/node_modules/vitest/dist/chunks/runBaseTests.9Ij9_de-.js:84:3)"],"meta":{}},{"ancestorTitles":["ProjectsPageRedesign","9. Empty States Tests"],"fullName":"ProjectsPageRedesign 9. Empty States Tests \"Create Your First Project\" button works","status":"failed","title":"\"Create Your First Project\" button works","duration":5010.9307499999995,"failureMessages":["Error: STACK_TRACE_ERROR\n    at task (file:///Users/baito.kevin/Downloads/Baito-AI/node_modules/@vitest/runner/dist/chunk-hooks.js:638:27)\n    at Object.<anonymous> (file:///Users/baito.kevin/Downloads/Baito-AI/node_modules/@vitest/runner/dist/chunk-hooks.js:662:16)\n    at Object.<anonymous> (file:///Users/baito.kevin/Downloads/Baito-AI/node_modules/@vitest/runner/dist/chunk-hooks.js:458:28)\n    at Module.chain (file:///Users/baito.kevin/Downloads/Baito-AI/node_modules/@vitest/runner/dist/chunk-hooks.js:369:14)\n    at /Users/baito.kevin/Downloads/Baito-AI/src/pages/__tests__/ProjectsPageRedesign.test.tsx:804:5\n    at file:///Users/baito.kevin/Downloads/Baito-AI/node_modules/@vitest/runner/dist/chunk-hooks.js:734:40\n    at runWithSuite (file:///Users/baito.kevin/Downloads/Baito-AI/node_modules/@vitest/runner/dist/chunk-hooks.js:1849:8)\n    at Object.collect (file:///Users/baito.kevin/Downloads/Baito-AI/node_modules/@vitest/runner/dist/chunk-hooks.js:734:10)\n    at Object.collect (file:///Users/baito.kevin/Downloads/Baito-AI/node_modules/@vitest/runner/dist/chunk-hooks.js:738:54)\n    at processTicksAndRejections (node:internal/process/task_queues:105:5)\n    at Object.collect (file:///Users/baito.kevin/Downloads/Baito-AI/node_modules/@vitest/runner/dist/chunk-hooks.js:738:46)\n    at collectTests (file:///Users/baito.kevin/Downloads/Baito-AI/node_modules/@vitest/runner/dist/chunk-hooks.js:1179:25)\n    at startTests (file:///Users/baito.kevin/Downloads/Baito-AI/node_modules/@vitest/runner/dist/chunk-hooks.js:1817:17)\n    at file:///Users/baito.kevin/Downloads/Baito-AI/node_modules/vitest/dist/chunks/runBaseTests.9Ij9_de-.js:117:26\n    at withEnv (file:///Users/baito.kevin/Downloads/Baito-AI/node_modules/vitest/dist/chunks/runBaseTests.9Ij9_de-.js:84:3)"],"meta":{}},{"ancestorTitles":["ProjectsPageRedesign","10. Error Handling Tests"],"fullName":"ProjectsPageRedesign 10. Error Handling Tests shows error toast when database connection fails","status":"failed","title":"shows error toast when database connection fails","duration":5009.891917000001,"failureMessages":["Error: STACK_TRACE_ERROR\n    at task (file:///Users/baito.kevin/Downloads/Baito-AI/node_modules/@vitest/runner/dist/chunk-hooks.js:638:27)\n    at Object.<anonymous> (file:///Users/baito.kevin/Downloads/Baito-AI/node_modules/@vitest/runner/dist/chunk-hooks.js:662:16)\n    at Object.<anonymous> (file:///Users/baito.kevin/Downloads/Baito-AI/node_modules/@vitest/runner/dist/chunk-hooks.js:458:28)\n    at Module.chain (file:///Users/baito.kevin/Downloads/Baito-AI/node_modules/@vitest/runner/dist/chunk-hooks.js:369:14)\n    at /Users/baito.kevin/Downloads/Baito-AI/src/pages/__tests__/ProjectsPageRedesign.test.tsx:823:5\n    at file:///Users/baito.kevin/Downloads/Baito-AI/node_modules/@vitest/runner/dist/chunk-hooks.js:734:40\n    at runWithSuite (file:///Users/baito.kevin/Downloads/Baito-AI/node_modules/@vitest/runner/dist/chunk-hooks.js:1849:8)\n    at Object.collect (file:///Users/baito.kevin/Downloads/Baito-AI/node_modules/@vitest/runner/dist/chunk-hooks.js:734:10)\n    at Object.collect (file:///Users/baito.kevin/Downloads/Baito-AI/node_modules/@vitest/runner/dist/chunk-hooks.js:738:54)\n    at processTicksAndRejections (node:internal/process/task_queues:105:5)\n    at Object.collect (file:///Users/baito.kevin/Downloads/Baito-AI/node_modules/@vitest/runner/dist/chunk-hooks.js:738:46)\n    at collectTests (file:///Users/baito.kevin/Downloads/Baito-AI/node_modules/@vitest/runner/dist/chunk-hooks.js:1179:25)\n    at startTests (file:///Users/baito.kevin/Downloads/Baito-AI/node_modules/@vitest/runner/dist/chunk-hooks.js:1817:17)\n    at file:///Users/baito.kevin/Downloads/Baito-AI/node_modules/vitest/dist/chunks/runBaseTests.9Ij9_de-.js:117:26\n    at withEnv (file:///Users/baito.kevin/Downloads/Baito-AI/node_modules/vitest/dist/chunks/runBaseTests.9Ij9_de-.js:84:3)"],"meta":{}},{"ancestorTitles":["ProjectsPageRedesign","10. Error Handling Tests"],"fullName":"ProjectsPageRedesign 10. Error Handling Tests sets empty array (not broken [].filter) on error","status":"failed","title":"sets empty array (not broken [].filter) on error","duration":5011.280084000013,"failureMessages":["Error: STACK_TRACE_ERROR\n    at task (file:///Users/baito.kevin/Downloads/Baito-AI/node_modules/@vitest/runner/dist/chunk-hooks.js:638:27)\n    at Object.<anonymous> (file:///Users/baito.kevin/Downloads/Baito-AI/node_modules/@vitest/runner/dist/chunk-hooks.js:662:16)\n    at Object.<anonymous> (file:///Users/baito.kevin/Downloads/Baito-AI/node_modules/@vitest/runner/dist/chunk-hooks.js:458:28)\n    at Module.chain (file:///Users/baito.kevin/Downloads/Baito-AI/node_modules/@vitest/runner/dist/chunk-hooks.js:369:14)\n    at /Users/baito.kevin/Downloads/Baito-AI/src/pages/__tests__/ProjectsPageRedesign.test.tsx:842:5\n    at file:///Users/baito.kevin/Downloads/Baito-AI/node_modules/@vitest/runner/dist/chunk-hooks.js:734:40\n    at runWithSuite (file:///Users/baito.kevin/Downloads/Baito-AI/node_modules/@vitest/runner/dist/chunk-hooks.js:1849:8)\n    at Object.collect (file:///Users/baito.kevin/Downloads/Baito-AI/node_modules/@vitest/runner/dist/chunk-hooks.js:734:10)\n    at Object.collect (file:///Users/baito.kevin/Downloads/Baito-AI/node_modules/@vitest/runner/dist/chunk-hooks.js:738:54)\n    at processTicksAndRejections (node:internal/process/task_queues:105:5)\n    at Object.collect (file:///Users/baito.kevin/Downloads/Baito-AI/node_modules/@vitest/runner/dist/chunk-hooks.js:738:46)\n    at collectTests (file:///Users/baito.kevin/Downloads/Baito-AI/node_modules/@vitest/runner/dist/chunk-hooks.js:1179:25)\n    at startTests (file:///Users/baito.kevin/Downloads/Baito-AI/node_modules/@vitest/runner/dist/chunk-hooks.js:1817:17)\n    at file:///Users/baito.kevin/Downloads/Baito-AI/node_modules/vitest/dist/chunks/runBaseTests.9Ij9_de-.js:117:26\n    at withEnv (file:///Users/baito.kevin/Downloads/Baito-AI/node_modules/vitest/dist/chunks/runBaseTests.9Ij9_de-.js:84:3)"],"meta":{}},{"ancestorTitles":["ProjectsPageRedesign","10. Error Handling Tests"],"fullName":"ProjectsPageRedesign 10. Error Handling Tests displays error banner (dismissible)","status":"failed","title":"displays error banner (dismissible)","duration":5010.734874999995,"failureMessages":["Error: STACK_TRACE_ERROR\n    at task (file:///Users/baito.kevin/Downloads/Baito-AI/node_modules/@vitest/runner/dist/chunk-hooks.js:638:27)\n    at Object.<anonymous> (file:///Users/baito.kevin/Downloads/Baito-AI/node_modules/@vitest/runner/dist/chunk-hooks.js:662:16)\n    at Object.<anonymous> (file:///Users/baito.kevin/Downloads/Baito-AI/node_modules/@vitest/runner/dist/chunk-hooks.js:458:28)\n    at Module.chain (file:///Users/baito.kevin/Downloads/Baito-AI/node_modules/@vitest/runner/dist/chunk-hooks.js:369:14)\n    at /Users/baito.kevin/Downloads/Baito-AI/src/pages/__tests__/ProjectsPageRedesign.test.tsx:853:5\n    at file:///Users/baito.kevin/Downloads/Baito-AI/node_modules/@vitest/runner/dist/chunk-hooks.js:734:40\n    at runWithSuite (file:///Users/baito.kevin/Downloads/Baito-AI/node_modules/@vitest/runner/dist/chunk-hooks.js:1849:8)\n    at Object.collect (file:///Users/baito.kevin/Downloads/Baito-AI/node_modules/@vitest/runner/dist/chunk-hooks.js:734:10)\n    at Object.collect (file:///Users/baito.kevin/Downloads/Baito-AI/node_modules/@vitest/runner/dist/chunk-hooks.js:738:54)\n    at processTicksAndRejections (node:internal/process/task_queues:105:5)\n    at Object.collect (file:///Users/baito.kevin/Downloads/Baito-AI/node_modules/@vitest/runner/dist/chunk-hooks.js:738:46)\n    at collectTests (file:///Users/baito.kevin/Downloads/Baito-AI/node_modules/@vitest/runner/dist/chunk-hooks.js:1179:25)\n    at startTests (file:///Users/baito.kevin/Downloads/Baito-AI/node_modules/@vitest/runner/dist/chunk-hooks.js:1817:17)\n    at file:///Users/baito.kevin/Downloads/Baito-AI/node_modules/vitest/dist/chunks/runBaseTests.9Ij9_de-.js:117:26\n    at withEnv (file:///Users/baito.kevin/Downloads/Baito-AI/node_modules/vitest/dist/chunks/runBaseTests.9Ij9_de-.js:84:3)"],"meta":{}},{"ancestorTitles":["ProjectsPageRedesign","10. Error Handling Tests"],"fullName":"ProjectsPageRedesign 10. Error Handling Tests banner can be dismissed","status":"failed","title":"banner can be dismissed","duration":5004.735625000016,"failureMessages":["Error: STACK_TRACE_ERROR\n    at task (file:///Users/baito.kevin/Downloads/Baito-AI/node_modules/@vitest/runner/dist/chunk-hooks.js:638:27)\n    at Object.<anonymous> (file:///Users/baito.kevin/Downloads/Baito-AI/node_modules/@vitest/runner/dist/chunk-hooks.js:662:16)\n    at Object.<anonymous> (file:///Users/baito.kevin/Downloads/Baito-AI/node_modules/@vitest/runner/dist/chunk-hooks.js:458:28)\n    at Module.chain (file:///Users/baito.kevin/Downloads/Baito-AI/node_modules/@vitest/runner/dist/chunk-hooks.js:369:14)\n    at /Users/baito.kevin/Downloads/Baito-AI/src/pages/__tests__/ProjectsPageRedesign.test.tsx:863:5\n    at file:///Users/baito.kevin/Downloads/Baito-AI/node_modules/@vitest/runner/dist/chunk-hooks.js:734:40\n    at runWithSuite (file:///Users/baito.kevin/Downloads/Baito-AI/node_modules/@vitest/runner/dist/chunk-hooks.js:1849:8)\n    at Object.collect (file:///Users/baito.kevin/Downloads/Baito-AI/node_modules/@vitest/runner/dist/chunk-hooks.js:734:10)\n    at Object.collect (file:///Users/baito.kevin/Downloads/Baito-AI/node_modules/@vitest/runner/dist/chunk-hooks.js:738:54)\n    at processTicksAndRejections (node:internal/process/task_queues:105:5)\n    at Object.collect (file:///Users/baito.kevin/Downloads/Baito-AI/node_modules/@vitest/runner/dist/chunk-hooks.js:738:46)\n    at collectTests (file:///Users/baito.kevin/Downloads/Baito-AI/node_modules/@vitest/runner/dist/chunk-hooks.js:1179:25)\n    at startTests (file:///Users/baito.kevin/Downloads/Baito-AI/node_modules/@vitest/runner/dist/chunk-hooks.js:1817:17)\n    at file:///Users/baito.kevin/Downloads/Baito-AI/node_modules/vitest/dist/chunks/runBaseTests.9Ij9_de-.js:117:26\n    at withEnv (file:///Users/baito.kevin/Downloads/Baito-AI/node_modules/vitest/dist/chunks/runBaseTests.9Ij9_de-.js:84:3)"],"meta":{}},{"ancestorTitles":["ProjectsPageRedesign","11. Accessibility Tests"],"fullName":"ProjectsPageRedesign 11. Accessibility Tests all interactive elements are keyboard accessible","status":"failed","title":"all interactive elements are keyboard accessible","duration":5008.820666999993,"failureMessages":["Error: STACK_TRACE_ERROR\n    at task (file:///Users/baito.kevin/Downloads/Baito-AI/node_modules/@vitest/runner/dist/chunk-hooks.js:638:27)\n    at Object.<anonymous> (file:///Users/baito.kevin/Downloads/Baito-AI/node_modules/@vitest/runner/dist/chunk-hooks.js:662:16)\n    at Object.<anonymous> (file:///Users/baito.kevin/Downloads/Baito-AI/node_modules/@vitest/runner/dist/chunk-hooks.js:458:28)\n    at Module.chain (file:///Users/baito.kevin/Downloads/Baito-AI/node_modules/@vitest/runner/dist/chunk-hooks.js:369:14)\n    at /Users/baito.kevin/Downloads/Baito-AI/src/pages/__tests__/ProjectsPageRedesign.test.tsx:880:5\n    at file:///Users/baito.kevin/Downloads/Baito-AI/node_modules/@vitest/runner/dist/chunk-hooks.js:734:40\n    at runWithSuite (file:///Users/baito.kevin/Downloads/Baito-AI/node_modules/@vitest/runner/dist/chunk-hooks.js:1849:8)\n    at Object.collect (file:///Users/baito.kevin/Downloads/Baito-AI/node_modules/@vitest/runner/dist/chunk-hooks.js:734:10)\n    at Object.collect (file:///Users/baito.kevin/Downloads/Baito-AI/node_modules/@vitest/runner/dist/chunk-hooks.js:738:54)\n    at processTicksAndRejections (node:internal/process/task_queues:105:5)\n    at Object.collect (file:///Users/baito.kevin/Downloads/Baito-AI/node_modules/@vitest/runner/dist/chunk-hooks.js:738:46)\n    at collectTests (file:///Users/baito.kevin/Downloads/Baito-AI/node_modules/@vitest/runner/dist/chunk-hooks.js:1179:25)\n    at startTests (file:///Users/baito.kevin/Downloads/Baito-AI/node_modules/@vitest/runner/dist/chunk-hooks.js:1817:17)\n    at file:///Users/baito.kevin/Downloads/Baito-AI/node_modules/vitest/dist/chunks/runBaseTests.9Ij9_de-.js:117:26\n    at withEnv (file:///Users/baito.kevin/Downloads/Baito-AI/node_modules/vitest/dist/chunks/runBaseTests.9Ij9_de-.js:84:3)"],"meta":{}},{"ancestorTitles":["ProjectsPageRedesign","11. Accessibility Tests"],"fullName":"ProjectsPageRedesign 11. Accessibility Tests icon-only buttons have aria-labels","status":"passed","title":"icon-only buttons have aria-labels","duration":30.180458000017097,"failureMessages":[],"meta":{}},{"ancestorTitles":["ProjectsPageRedesign","11. Accessibility Tests"],"fullName":"ProjectsPageRedesign 11. Accessibility Tests status badges have proper contrast","status":"passed","title":"status badges have proper contrast","duration":13.314834000018891,"failureMessages":[],"meta":{}},{"ancestorTitles":["ProjectsPageRedesign","11. Accessibility Tests"],"fullName":"ProjectsPageRedesign 11. Accessibility Tests focus indicators visible","status":"failed","title":"focus indicators visible","duration":5010.091625000001,"failureMessages":["Error: STACK_TRACE_ERROR\n    at task (file:///Users/baito.kevin/Downloads/Baito-AI/node_modules/@vitest/runner/dist/chunk-hooks.js:638:27)\n    at Object.<anonymous> (file:///Users/baito.kevin/Downloads/Baito-AI/node_modules/@vitest/runner/dist/chunk-hooks.js:662:16)\n    at Object.<anonymous> (file:///Users/baito.kevin/Downloads/Baito-AI/node_modules/@vitest/runner/dist/chunk-hooks.js:458:28)\n    at Module.chain (file:///Users/baito.kevin/Downloads/Baito-AI/node_modules/@vitest/runner/dist/chunk-hooks.js:369:14)\n    at /Users/baito.kevin/Downloads/Baito-AI/src/pages/__tests__/ProjectsPageRedesign.test.tsx:919:5\n    at file:///Users/baito.kevin/Downloads/Baito-AI/node_modules/@vitest/runner/dist/chunk-hooks.js:734:40\n    at runWithSuite (file:///Users/baito.kevin/Downloads/Baito-AI/node_modules/@vitest/runner/dist/chunk-hooks.js:1849:8)\n    at Object.collect (file:///Users/baito.kevin/Downloads/Baito-AI/node_modules/@vitest/runner/dist/chunk-hooks.js:734:10)\n    at Object.collect (file:///Users/baito.kevin/Downloads/Baito-AI/node_modules/@vitest/runner/dist/chunk-hooks.js:738:54)\n    at processTicksAndRejections (node:internal/process/task_queues:105:5)\n    at Object.collect (file:///Users/baito.kevin/Downloads/Baito-AI/node_modules/@vitest/runner/dist/chunk-hooks.js:738:46)\n    at collectTests (file:///Users/baito.kevin/Downloads/Baito-AI/node_modules/@vitest/runner/dist/chunk-hooks.js:1179:25)\n    at startTests (file:///Users/baito.kevin/Downloads/Baito-AI/node_modules/@vitest/runner/dist/chunk-hooks.js:1817:17)\n    at file:///Users/baito.kevin/Downloads/Baito-AI/node_modules/vitest/dist/chunks/runBaseTests.9Ij9_de-.js:117:26\n    at withEnv (file:///Users/baito.kevin/Downloads/Baito-AI/node_modules/vitest/dist/chunks/runBaseTests.9Ij9_de-.js:84:3)"],"meta":{}},{"ancestorTitles":["ProjectsPageRedesign","12. Responsive Design Tests"],"fullName":"ProjectsPageRedesign 12. Responsive Design Tests dashboard grid: 1 col on mobile, 4 cols on md+","status":"passed","title":"dashboard grid: 1 col on mobile, 4 cols on md+","duration":27.19550000000163,"failureMessages":[],"meta":{}},{"ancestorTitles":["ProjectsPageRedesign","12. Responsive Design Tests"],"fullName":"ProjectsPageRedesign 12. Responsive Design Tests project grid: 1 col mobile, 2 cols md, 3 cols xl","status":"failed","title":"project grid: 1 col mobile, 2 cols md, 3 cols xl","duration":5009.779083000001,"failureMessages":["Error: STACK_TRACE_ERROR\n    at task (file:///Users/baito.kevin/Downloads/Baito-AI/node_modules/@vitest/runner/dist/chunk-hooks.js:638:27)\n    at Object.<anonymous> (file:///Users/baito.kevin/Downloads/Baito-AI/node_modules/@vitest/runner/dist/chunk-hooks.js:662:16)\n    at Object.<anonymous> (file:///Users/baito.kevin/Downloads/Baito-AI/node_modules/@vitest/runner/dist/chunk-hooks.js:458:28)\n    at Module.chain (file:///Users/baito.kevin/Downloads/Baito-AI/node_modules/@vitest/runner/dist/chunk-hooks.js:369:14)\n    at /Users/baito.kevin/Downloads/Baito-AI/src/pages/__tests__/ProjectsPageRedesign.test.tsx:942:5\n    at file:///Users/baito.kevin/Downloads/Baito-AI/node_modules/@vitest/runner/dist/chunk-hooks.js:734:40\n    at runWithSuite (file:///Users/baito.kevin/Downloads/Baito-AI/node_modules/@vitest/runner/dist/chunk-hooks.js:1849:8)\n    at Object.collect (file:///Users/baito.kevin/Downloads/Baito-AI/node_modules/@vitest/runner/dist/chunk-hooks.js:734:10)\n    at Object.collect (file:///Users/baito.kevin/Downloads/Baito-AI/node_modules/@vitest/runner/dist/chunk-hooks.js:738:54)\n    at processTicksAndRejections (node:internal/process/task_queues:105:5)\n    at Object.collect (file:///Users/baito.kevin/Downloads/Baito-AI/node_modules/@vitest/runner/dist/chunk-hooks.js:738:46)\n    at collectTests (file:///Users/baito.kevin/Downloads/Baito-AI/node_modules/@vitest/runner/dist/chunk-hooks.js:1179:25)\n    at startTests (file:///Users/baito.kevin/Downloads/Baito-AI/node_modules/@vitest/runner/dist/chunk-hooks.js:1817:17)\n    at file:///Users/baito.kevin/Downloads/Baito-AI/node_modules/vitest/dist/chunks/runBaseTests.9Ij9_de-.js:117:26\n    at withEnv (file:///Users/baito.kevin/Downloads/Baito-AI/node_modules/vitest/dist/chunks/runBaseTests.9Ij9_de-.js:84:3)"],"meta":{}},{"ancestorTitles":["ProjectsPageRedesign","12. Responsive Design Tests"],"fullName":"ProjectsPageRedesign 12. Responsive Design Tests search bar: full width mobile, w-64 on md+","status":"passed","title":"search bar: full width mobile, w-64 on md+","duration":28.631042000022717,"failureMessages":[],"meta":{}},{"ancestorTitles":["ProjectsPageRedesign","12. Responsive Design Tests"],"fullName":"ProjectsPageRedesign 12. Responsive Design Tests controls wrap properly on small screens","status":"passed","title":"controls wrap properly on small screens","duration":13.059665999986464,"failureMessages":[],"meta":{}}],"startTime":1759495801429,"endTime":1759495947963.0596,"status":"failed","message":"","name":"/Users/baito.kevin/Downloads/Baito-AI/src/pages/__tests__/ProjectsPageRedesign.test.tsx"}]}
